Sceneryobjects\ADDON_SimpleStreets\RQ_10,5_Bridge_Connector_Oneway_FROM.sco
1049455632
1049455632
-1
Sceneryobjects\ADDON_SimpleStreets\RQ_10,5_Bridge_Connector_Oneway_TO.sco
1049455617
1049455617
-1
Sceneryobjects\ADDON_SimpleStreets\RQ_28_Half_From_10,5.sco
1049454945
1049454945
-1
Sceneryobjects\ADDON_SimpleStreets\RQ_28_Half_TO_10,5.sco
1049454949
1049454949
-1
Splines\ADDON_SimpleStreets\RQ_10,5_2spur_7,5m_Bridge_Oneway.sli
1049455676
-
-
Splines\ADDON_SimpleStreets\RQ_10,5_2spur_7,5m_Oneway.sli
1049453901
-
-
Splines\ADDON_SimpleStreets\RQ_10,5_2spur_7,5m_Sidewalk.sli
1047295100
-
-
Splines\ADDON_SimpleStreets\RQ_28.sli
1048384460
-
-
