Sceneryobjects\ADDON_SimpleStreets\RQ_20n_Busstop001.sco
1052989671
1052989671
-1
Sceneryobjects\ADDON_SimpleStreets\RQ_20n_Busstop002.sco
1052989531
1052989531
-1
Sceneryobjects\ADDON_SimpleStreets\RQ_20n_Busstop003.sco
1052990265
1052990265
-1
Sceneryobjects\ADDON_SimpleStreets\RQ_20n_Busstop004.sco
1052990356
1052990356
-1
Sceneryobjects\ADDON_SimpleStreets\RQ_20n_w9,5_Sidew_Crossing.sco
1049105935
1049105935
-1
Sceneryobjects\ADDON_SimpleStreets\RQ_9,5_2spur_6,5m_Sidewalk_busstop.sco
1047931392
1047931392
-1
Sceneryobjects\ADDON_SimpleStreets\RQ_9,5_2spur_6,5m_Sidewalk_cross_forbus.sco
1047931437
1047931437
-1
Sceneryobjects\ADDON_SimpleStreets\RQ_9,5_2spur_6,5m_Sidewalk_junct.sco
1047931453
1047931453
-1
Sceneryobjects\ashleytayles\NJC-4lanes_junction-grantown.sco
1320443379
1320443379
-1
Sceneryobjects\Buildings_MC\bw_hoch_21A.sco
1379762524
1379762524
-1
Sceneryobjects\Buildings_RUE\Highschool_70s.sco
1379762530
1379762530
-1
Sceneryobjects\DBC_Objects\NEWJOHNCITY_busstop_hut.sco
1227530861
1227530861
-1
Sceneryobjects\DBC_Objects\obj_att_rod_med.sco
1379762619
1379762619
-1
Sceneryobjects\DBC_Objects\obj_pole_streetside_rear.sco
1379762619
1379762619
-1
Sceneryobjects\DBC_Objects\obj_streetlight_bend.sco
1379762619
1379762619
-1
Sceneryobjects\DBC_Objects\obj_TL_car3_bar-NEWJOHNCITY.sco
1231327473
1231327473
-1
Sceneryobjects\DBC_Objects\Sign_Street_Med.sco
1379762619
1379762619
-1
Sceneryobjects\DBC_Objects\Sign_Street_StopAW.sco
1379762620
1379762620
-1
Sceneryobjects\Generic\bus_stop.sco
1379762541
1379762541
-1
Sceneryobjects\Generic\entrypoint_bus.sco
1379762552
1379762552
-1
Sceneryobjects\Generic\people_standing_small.sco
1379762530
1379762530
-1
Sceneryobjects\Generic\routearrow_L.sco
1379762530
1379762530
-1
Sceneryobjects\Generic\routearrow_R.sco
1379762530
1379762530
-1
Sceneryobjects\Generic\routearrows_busstop.sco
1379762541
1379762541
-1
Sceneryobjects\Willshire\busstops\busstop.sco
1279374266
1279374266
-1
Splines\ADDON_SimpleStreets\RQ_20_4_spur_15m_narrow_Sidewalk.sli
1048779398
-
-
Splines\ADDON_SimpleStreets\RQ_9,5_2spur_6,5m_Sidewalk.sli
1047206666
-
-
