Sceneryobjects\ADDON_SimpleStreets\NJC-RQ_20n_w9,5_SideWide_CrossOne.sco
1318234809
1318234809
-1
Sceneryobjects\ADDON_SimpleStreets\RQ_20n_w9,5_Sidew_Crossing.sco
1049105935
1049105935
-1
Sceneryobjects\ADDON_SimpleStreets\RQ_28_Bridge_Connector.sco
1049455261
1049455261
-1
Sceneryobjects\Buildings_MC\bw_hall_grey_1.sco
1379762524
1379762524
-1
Sceneryobjects\Buildings_MC\tank_2_esso.sco
1379762539
1379762539
-1
Sceneryobjects\Buildings_RUE\Haus03b.sco
1379762530
1379762530
-1
Sceneryobjects\Buildings_RUE\Haus03c2.sco
1379762530
1379762530
-1
Sceneryobjects\Buildings_RUE\Haus03d.sco
1379762530
1379762530
-1
Sceneryobjects\Buildings_RUE\Haus03e.sco
1379762530
1379762530
-1
Sceneryobjects\DBC_Objects\NEWJOHNCITY_busstop_hut.sco
1227530861
1227530861
-1
Sceneryobjects\DBC_Objects\obj_att_rod_med.sco
1379762619
1379762619
-1
Sceneryobjects\DBC_Objects\obj_att_rod_stub.sco
1379762619
1379762619
-1
Sceneryobjects\DBC_Objects\obj_pole_streetside_rear.sco
1379762619
1379762619
-1
Sceneryobjects\DBC_Objects\obj_streetlight_bend.sco
1379762619
1379762619
-1
Sceneryobjects\DBC_Objects\obj_TL_car3_bar-NEWJOHNCITY.sco
1231327473
1231327473
-1
Sceneryobjects\DBC_Objects\Sign_Street_Med.sco
1379762619
1379762619
-1
Sceneryobjects\DBC_Objects\Sign_Street_NoTurnL.sco
1379762620
1379762620
-1
Sceneryobjects\DBC_Objects\Sign_Street_NoTurnR.sco
1379762620
1379762620
-1
Sceneryobjects\Generic\bus_stop.sco
1379762541
1379762541
-1
Sceneryobjects\Generic\entrypoint_bus.sco
1379762552
1379762552
-1
Sceneryobjects\Generic\people_standing_small.sco
1379762530
1379762530
-1
Sceneryobjects\Generic\routearrow_dn.sco
1379762541
1379762541
-1
Sceneryobjects\Generic\routearrows_busstop.sco
1379762541
1379762541
-1
Sceneryobjects\NewJohnCity\helper-routearrow_L.sco
1249092801
1249092801
-1
Sceneryobjects\NewJohnCity\helper-routearrow_R.sco
1249092802
1249092802
-1
Sceneryobjects\NewJohnCity\sign-100kmh.sco
1227534860
1227534860
-1
Sceneryobjects\NewJohnCity\sign-60kmh.sco
1227534856
1227534856
-1
Sceneryobjects\Ruede\forest_backdrop01.sco
1379762544
1379762544
-1
Sceneryobjects\Streetobjects_RUE\sodiumlight_4L_break_L.sco
1379762545
1379762545
-1
Sceneryobjects\Trees_MC\fir_medium_03.sco
1379762545
1379762545
-1
Sceneryobjects\Trees_MC\shrubbery_04_10.sco
1379762545
1379762545
-1
Sceneryobjects\Trees_MC\shrubbery_04_20.sco
1379762545
1379762545
-1
Sceneryobjects\Willshire\busstops\busstop.sco
1279374266
1279374266
-1
Sceneryobjects\Willshire\Var4\busstopTTC.sco
1188783536
1188783536
-1
Splines\ADDON_SimpleStreets\RQ_10,5_2spur_7,5m_Oneway.sli
1049453901
-
-
Splines\ADDON_SimpleStreets\RQ_10,5_OneWay_7,5m_Sidewalk.sli
1115382806
-
-
Splines\ADDON_SimpleStreets\RQ_20_4_spur_15m_narrow_Sidewalk.sli
1048779398
-
-
Splines\ADDON_SimpleStreets\RQ_20_4_spur_15m_narrow_Sidewalk_wide.sli
1109675008
-
-
Splines\ADDON_SimpleStreets\RQ_28.sli
1048384460
-
-
Splines\ADDON_SimpleStreets\RQ_28_Bridge.sli
1049451693
-
-
Splines\ADDON_SimpleStreets\RQ_9,5_2spur_6,5m_Sidewalk.sli
1047206666
-
-
Splines\Marcel\invis_street.sli
1379762566
-
-
Splines\Marcel\str_2spur_8m_altonaer1.sli
1379762552
-
-
