Sceneryobjects\ADDON_SimpleStreets\RQ_28_Entry_End.sco
1048925879
1048925879
-1
Sceneryobjects\ADDON_SimpleStreets\RQ_28_Exit_Start.sco
1048926240
1048926240
-1
Sceneryobjects\ADDON_SimpleStreets\RQ_28_From_36.sco
1049830534
1049830534
-1
Sceneryobjects\ADDON_SimpleStreets\RQ_28_To_36.sco
1049830478
1049830478
-1
Sceneryobjects\ADDON_SimpleStreets\RQ_36_Entry_End.sco
1049830736
1049830736
-1
Sceneryobjects\ADDON_SimpleStreets\RQ_36_Entry_Start_Double.sco
1049830894
1049830894
-1
Sceneryobjects\ADDON_SimpleStreets\RQ_36_Exit_End_Double.sco
1049831175
1049831175
-1
Sceneryobjects\ADDON_SimpleStreets\RQ_36_Exit_Start.sco
1049830806
1049830806
-1
Sceneryobjects\ADDON_SimpleStreets\RQ_9,5_2spur_6,5m_Sidewalk_busstop.sco
1047931392
1047931392
-1
Sceneryobjects\ADDON_SimpleStreets\RQ_9,5_2spur_6,5m_Sidewalk_busstop_double.sco
1047931421
1047931421
-1
Sceneryobjects\ADDON_SimpleStreets\RQ_9,5_2spur_6,5m_Sidewalk_cross_forbus.sco
1047931437
1047931437
-1
Sceneryobjects\ADDON_SimpleStreets\RQ_9,5_2spur_6,5m_Sidewalk_cross_nobus2.sco
1047931445
1047931445
-1
Sceneryobjects\Generic\bus_stop.sco
1379762541
1379762541
-1
Sceneryobjects\Generic\people_standing_small.sco
1379762530
1379762530
-1
Sceneryobjects\Generic\routearrows_busstop.sco
1379762541
1379762541
-1
Sceneryobjects\Willshire\busstops\busstop.sco
1279374266
1279374266
-1
Splines\ADDON_SimpleStreets\RQ_28.sli
1048384460
-
-
Splines\ADDON_SimpleStreets\RQ_28_EntryExit_Both.sli
1048384578
-
-
Splines\ADDON_SimpleStreets\RQ_36.sli
1049828086
-
-
Splines\ADDON_SimpleStreets\RQ_36_EntryExit_Both.sli
1049828512
-
-
Splines\ADDON_SimpleStreets\RQ_9,5_2spur_6,5m_Sidewalk.sli
1047206666
-
-
