Sceneryobjects\ADDON_SimpleStreets\RQ_9,5_2spur_6,5m_Sidewalk_cross_nobus2.sco
1047931445
1047931445
-1
Sceneryobjects\ADDON_SimpleStreets\RQ_9,5_to_X8.sco
1047931501
1047931501
-1
Sceneryobjects\ADDON_SimpleStreets\RQ_X8_to_X11_Seeburger.sco
1047931537
1047931537
-1
Sceneryobjects\Buildings_MC\buro_02.sco
1379762524
1379762524
-1
Sceneryobjects\Buildings_MC\bw_einkaufszentrum_04.sco
1379762524
1379762524
-1
Sceneryobjects\Buildings_MC\bw_supermarkt_2.sco
1379762524
1379762524
-1
Sceneryobjects\Buildings_MC\bw_supermarkt_3.sco
1379762538
1379762538
-1
Sceneryobjects\Buildings_MC\park_6.sco
1379762525
1379762525
-1
Sceneryobjects\Buildings_MC\tank_2_aral.sco
1379762525
1379762525
-1
Sceneryobjects\Buildings_MC\tank_2_bp.sco
1379762528
1379762528
-1
Sceneryobjects\Buildings_RUE\Ladenzeile.sco
1379762530
1379762530
-1
Sceneryobjects\DBC_Objects\DBC_shrubbery_03_20.sco
1379762617
1379762617
-1
Sceneryobjects\DBC_Objects\obj_pole_streetside_rear.sco
1379762619
1379762619
-1
Sceneryobjects\DBC_Objects\Sign_Street_StopAW.sco
1379762620
1379762620
-1
Sceneryobjects\Generic\bus_stop.sco
1379762541
1379762541
-1
Sceneryobjects\Generic\car_park.sco
1379762530
1379762530
-1
Sceneryobjects\Generic\people_standing_small.sco
1379762530
1379762530
-1
Sceneryobjects\Generic\routearrows_busstop.sco
1379762541
1379762541
-1
Sceneryobjects\Kreuz_MC\Einm_See_Paewesiner.sco
1379762541
1379762541
-1
Sceneryobjects\Ruede\forest_backdrop01.sco
1379762544
1379762544
-1
Sceneryobjects\Trees_MC\fir_medium_02.sco
1379762560
1379762560
-1
Sceneryobjects\Willshire\Var1\Busstop_LargeName_Timetable_1.sco
1188783534
1188783534
-1
Sceneryobjects\Willshire\Var1\Busstop_Lineplate_green_2.sco
1188783534
1188783534
-1
Sceneryobjects\Willshire\Var4\busstopTTC.sco
1188783536
1188783536
-1
Splines\ADDON_SimpleStreets\RQ_9,5_2spur_6,5m_Sidewalk.sli
1047206666
-
-
Splines\ADDON_SimpleStreets\RQ_X_2spur_Altonaer_8m.sli
1047606301
-
-
Splines\Marcel\str_2spur_11m_SeeburgerStr1.sli
1379762552
-
-
