Sceneryobjects\ADDON_SimpleStreets\RQ_10,5_NoBankett_Crossing.sco
1048005197
1048005197
-1
Sceneryobjects\ADDON_SimpleStreets\RQ_10,5_NoBankett_Junction.sco
1111908404
1111908404
-1
Sceneryobjects\DBC_Objects\obj_pole_streetside_rear.sco
1379762619
1379762619
-1
Sceneryobjects\DBC_Objects\Sign_Street_Stop.sco
1379762620
1379762620
-1
Sceneryobjects\DBC_Objects\Sign_Street_Yield.sco
1379762620
1379762620
-1
Sceneryobjects\Generic\bus_stop.sco
1379762541
1379762541
-1
Sceneryobjects\Generic\people_standing_small.sco
1379762530
1379762530
-1
Sceneryobjects\Generic\routearrow_dn.sco
1379762541
1379762541
-1
Sceneryobjects\Generic\routearrows_busstop.sco
1379762541
1379762541
-1
Sceneryobjects\Generic\sound_forest.sco
1379762541
1379762541
-1
Sceneryobjects\NewJohnCity\sign-40kmh.sco
1227535217
1227535217
-1
Sceneryobjects\NewJohnCity\sign-50kmh.sco
1227535218
1227535218
-1
Sceneryobjects\NewJohnCity\sign-80kmh.sco
1227534858
1227534858
-1
Sceneryobjects\Ruede\forest_backdrop01.sco
1379762544
1379762544
-1
Sceneryobjects\Streetobjects_RUE\DDR_Busbahnsteig.sco
1379762544
1379762544
-1
Sceneryobjects\Trees_MC\fir_medium_02.sco
1379762560
1379762560
-1
Sceneryobjects\Verkehrszeichen_MC\VZ_surfmark_arrow_R.sco
1379762546
1379762546
-1
Sceneryobjects\Willshire\Var1\notrucks.sco
1188783534
1188783534
-1
Sceneryobjects\Willshire\Var1\Richtungstafel.sco
1188783534
1188783534
-1
Sceneryobjects\Willshire\Var4\busstopTTC.sco
1188783536
1188783536
-1
Splines\ADDON_SimpleStreets\RQ_10,5_2spur_7,5m.sli
1048126500
-
-
Sceneryobjects\Verkehrszeichen_MC\VZ_surfmark_arrow_L.sco
1379762562
1379762562
-1
