Sceneryobjects\ADDON_SimpleStreets\RQ_X8m_2spur_8,0m_Sidewalk_cross.sco
1047931556
1047931556
-1
Sceneryobjects\Buildings_MC\buro_01.sco
1379762537
1379762537
-1
Sceneryobjects\Buildings_MC\bw_business_01B.sco
1379762524
1379762524
-1
Sceneryobjects\Buildings_MC\bw_hoch_16.sco
1379762524
1379762524
-1
Sceneryobjects\Buildings_MC\bw_hoch_23A.sco
1379762524
1379762524
-1
Sceneryobjects\Buildings_MC\bw_hoch_23B.sco
1379762524
1379762524
-1
Sceneryobjects\Buildings_MC\bw_hoch_23C.sco
1379762524
1379762524
-1
Sceneryobjects\Buildings_MC\bw_hoch_23D.sco
1379762524
1379762524
-1
Sceneryobjects\Buildings_MC\bw_polizei01.sco
1379762524
1379762524
-1
Sceneryobjects\Buildings_MC\bw_rowold_01_A.sco
1379762524
1379762524
-1
Sceneryobjects\Buildings_MC\bw_rowold_02.sco
1379762524
1379762524
-1
Sceneryobjects\Buildings_MC\bw_rowold_04.sco
1379762537
1379762537
-1
Sceneryobjects\Buildings_MC\bw_rowold_05.sco
1379762537
1379762537
-1
Sceneryobjects\Buildings_MC\bw_rowold_07.sco
1379762524
1379762524
-1
Sceneryobjects\Buildings_MC\bw_rowold_20.sco
1379762524
1379762524
-1
Sceneryobjects\Buildings_MC\bw_rowold_21.sco
1379762524
1379762524
-1
Sceneryobjects\Buildings_MC\bw_rowold_45.sco
1379762524
1379762524
-1
Sceneryobjects\Buildings_MC\bw_rowold_47.sco
1379762524
1379762524
-1
Sceneryobjects\Buildings_MC\bw_rowold_57.sco
1379762524
1379762524
-1
Sceneryobjects\Buildings_MC\bw_rowold_58.sco
1379762524
1379762524
-1
Sceneryobjects\Buildings_MC\bw_rowold_sm_03.sco
1379762524
1379762524
-1
Sceneryobjects\Buildings_MC\bw_rowold_sm_04.sco
1379762524
1379762524
-1
Sceneryobjects\Buildings_MC\bw_rowold_sm_05.sco
1379762524
1379762524
-1
Sceneryobjects\Buildings_MC\bw_rowold_sm_06.sco
1379762524
1379762524
-1
Sceneryobjects\Buildings_MC\bw_rowold_sm_09.sco
1379762524
1379762524
-1
Sceneryobjects\Buildings_MC\bw_rowold_sm_10.sco
1379762524
1379762524
-1
Sceneryobjects\Buildings_MC\bw_rowold_sm_12.sco
1379762524
1379762524
-1
Sceneryobjects\Buildings_MC\bw_rowold_small_01.sco
1379762524
1379762524
-1
Sceneryobjects\Buildings_MC\bw_supermarkt_2.sco
1379762524
1379762524
-1
Sceneryobjects\Buildings_MC\kirche_ev_stnikolai.sco
1379762524
1379762524
-1
Sceneryobjects\Buildings_MC\park_6.sco
1379762525
1379762525
-1
Sceneryobjects\Buildings_MC\tank_2_aral.sco
1379762525
1379762525
-1
Sceneryobjects\Buildings_MC\tank_2_esso.sco
1379762539
1379762539
-1
Sceneryobjects\DBC_Objects\NEWJOHNCITY_busstop_hut.sco
1227530861
1227530861
-1
Sceneryobjects\DBC_Objects\obj_att_rod_short.sco
1379762619
1379762619
-1
Sceneryobjects\DBC_Objects\obj_att_rod_stub.sco
1379762619
1379762619
-1
Sceneryobjects\DBC_Objects\obj_pole_large.sco
1379762619
1379762619
-1
Sceneryobjects\DBC_Objects\obj_pole_med.sco
1379762619
1379762619
-1
Sceneryobjects\DBC_Objects\obj_pole_streetside_rear.sco
1379762619
1379762619
-1
Sceneryobjects\DBC_Objects\obj_streetlight_bend.sco
1379762619
1379762619
-1
Sceneryobjects\DBC_Objects\obj_TL_car3_bar.sco
1379762619
1379762619
-1
Sceneryobjects\DBC_Objects\obj_TL_car3_bar-NEWJOHNCITY.sco
1231327473
1231327473
-1
Sceneryobjects\DBC_Objects\obj_TL_car3_pole.sco
1379762619
1379762619
-1
Sceneryobjects\DBC_Objects\obj_TL_car4L_bar.sco
1379762619
1379762619
-1
Sceneryobjects\DBC_Objects\obj_TL_ped_rear.sco
1379762619
1379762619
-1
Sceneryobjects\DBC_Objects\obj_TL_ped_side.sco
1379762619
1379762619
-1
Sceneryobjects\DBC_Objects\Sign_Street_Med.sco
1379762619
1379762619
-1
Sceneryobjects\DBC_Objects\Sign_Street_NoTurnL.sco
1379762620
1379762620
-1
Sceneryobjects\DBC_Objects\Sign_Street_NoTurnR.sco
1379762620
1379762620
-1
Sceneryobjects\DBC_Objects\Sign_Street_Stop.sco
1379762620
1379762620
-1
Sceneryobjects\DBC_Objects\Sign_Street_YieldToPed.sco
1379762620
1379762620
-1
Sceneryobjects\Generic\bus_stop.sco
1379762541
1379762541
-1
Sceneryobjects\Generic\car_park.sco
1379762530
1379762530
-1
Sceneryobjects\Generic\people_standing_small.sco
1379762530
1379762530
-1
Sceneryobjects\Generic\routearrow_dn.sco
1379762541
1379762541
-1
Sceneryobjects\Generic\routearrow_L.sco
1379762530
1379762530
-1
Sceneryobjects\Generic\routearrow_R.sco
1379762530
1379762530
-1
Sceneryobjects\Generic\routearrows_busstop.sco
1379762541
1379762541
-1
Sceneryobjects\Kreuz_MC\Einm_See_Paewesiner.sco
1379762541
1379762541
-1
Sceneryobjects\Kreuz_MC\Kreuz_Altonaer.sco
1379762531
1379762531
-1
Sceneryobjects\Kreuz_MC\Kreuz_See_Elsflether.sco
1379762542
1379762542
-1
Sceneryobjects\NewJohnCity\helper-routearrow_dn.sco
1249092800
1249092800
-1
Sceneryobjects\NewJohnCity\helper-routearrow_L.sco
1249092801
1249092801
-1
Sceneryobjects\NewJohnCity\sign-40kmh.sco
1227535217
1227535217
-1
Sceneryobjects\NewJohnCity\sign-50kmh.sco
1227535218
1227535218
-1
Sceneryobjects\Ruede\forest_backdrop01.sco
1379762544
1379762544
-1
Sceneryobjects\Streetobjects_MC\glaskontainer_w.sco
1379762544
1379762544
-1
Sceneryobjects\Streetobjects_MC\rw_digging.sco
1379762544
1379762544
-1
Sceneryobjects\Streetobjects_MC\rw_heap_1.sco
1379762544
1379762544
-1
Sceneryobjects\Streetobjects_RUE\DDR_1xPGH-Topf_Wood+Cable.sco
1379762544
1379762544
-1
Sceneryobjects\Streetobjects_RUE\DDR_Pole_Wood_cable.sco
1379762544
1379762544
-1
Sceneryobjects\Streetobjects_RUE\sodiumlight_photpump.sco
1379762560
1379762560
-1
Sceneryobjects\Streetobjects_RUE\Taxistand.sco
1379762545
1379762545
-1
Sceneryobjects\Streetobjects_RUE\Uhrenwuerfel.sco
1379762545
1379762545
-1
Sceneryobjects\Trees_MC\fir_medium_02.sco
1379762560
1379762560
-1
Sceneryobjects\Trees_MC\ShrubberyBox_01.sco
1379762545
1379762545
-1
Sceneryobjects\Verkehrszeichen_MC\VZ_surfmark_arrow_R.sco
1379762546
1379762546
-1
Sceneryobjects\Verkehrszeichen_MC\VZ_surfmark_arrow_S.sco
1379762546
1379762546
-1
Sceneryobjects\Verkehrszeichen_MC\VZ_surfmark_arrow_SL.sco
1379762546
1379762546
-1
Sceneryobjects\Verkehrszeichen_MC\VZ_surfmark_arrow_SR.sco
1379762546
1379762546
-1
Sceneryobjects\Willshire\busstops\busstop.sco
1279374266
1279374266
-1
Sceneryobjects\Willshire\Special\market_cube.sco
1188783533
1188783533
-1
Sceneryobjects\Willshire\Var1\Busstop_LargeName_Timetable_1.sco
1188783534
1188783534
-1
Sceneryobjects\Willshire\Var1\Busstop_Lineplate_green_2.sco
1188783534
1188783534
-1
Sceneryobjects\Willshire\Var1\hst_wartehaus_alt01.sco
1188783534
1188783534
-1
Sceneryobjects\Willshire\Var4\busstopTTC.sco
1188783536
1188783536
-1
Splines\ADDON_SimpleStreets\RQ_X_2spur_Altonaer_8m.sli
1047606301
-
-
Splines\Marcel\str_2spur_11m_SeeburgerStr1.sli
1379762552
-
-
Splines\Marcel\str_2spur_8m_altonaer1.sli
1379762552
-
-
Splines\Ruede\Kabel_holzmast_6m.sli
1379762566
-
-
Vehicles\DBC_Chicago_Car_11\parked_car11.sco
1379762628
1379762628
-1
