Sceneryobjects\ADDON_SimpleStreets\NJC_RQ_20n_w9,5_Sidew_Crossing-B.sco
1318280492
1318280492
-1
Sceneryobjects\ADDON_SimpleStreets\RQ_20n_to_20.sco
1049107002
1049107002
-1
Sceneryobjects\ADDON_SimpleStreets\RQ_9,5_2spur_6,5m_Sidewalk_busstop_double.sco
1047931421
1047931421
-1
Sceneryobjects\ADDON_SimpleStreets\RQ_9,5_2spur_6,5m_Sidewalk_cross_forbus.sco
1047931437
1047931437
-1
Sceneryobjects\ADDON_SimpleStreets\RQ_9,5_2spur_6,5m_Sidewalk_junct_forbus.sco
1047931459
1047931459
-1
Sceneryobjects\ADDON_SimpleStreets\RQ_9,5_2spur_6,5m_Sidewalk_PedCross.sco
1047932163
1047932163
-1
Sceneryobjects\ADDON_SimpleStreets\RQ_9,5_to_X8.sco
1047931501
1047931501
-1
Sceneryobjects\ADDON_SimpleStreets\RQ_X8m_2spur_8,0m_Sidewalk_busstop_double.sco
1047943303
1047943303
-1
Sceneryobjects\ADDON_SimpleStreets\RQ_X8m_2spur_8,0m_Sidewalk_PedCross.sco
1047931592
1047931592
-1
Sceneryobjects\Buildings_MC\bw_70s_01A.sco
1379762524
1379762524
-1
Sceneryobjects\Buildings_MC\bw_70s_02A.sco
1379762524
1379762524
-1
Sceneryobjects\Buildings_MC\bw_school_2.sco
1379762538
1379762538
-1
Sceneryobjects\Buildings_MC\schleusener_platz.sco
1379762539
1379762539
-1
Sceneryobjects\Buildings_MC\schul_turn_02.sco
1379762525
1379762525
-1
Sceneryobjects\Buildings_MC\tank_1_esso.sco
1379762525
1379762525
-1
Sceneryobjects\Buildings_RUE\Kombibad.sco
1379762551
1379762551
-1
Sceneryobjects\Buildings_RUE\Stadtbuecherei.sco
1379762530
1379762530
-1
Sceneryobjects\DBC_Objects\DBC_shrubbery_04_20.sco
1379762617
1379762617
-1
Sceneryobjects\DBC_Objects\NEWJOHNCITY_busstop_hut.sco
1227530861
1227530861
-1
Sceneryobjects\DBC_Objects\obj_att_rod_short.sco
1379762619
1379762619
-1
Sceneryobjects\DBC_Objects\obj_lightstand.sco
1379762619
1379762619
-1
Sceneryobjects\DBC_Objects\obj_pole_streetside_rear.sco
1379762619
1379762619
-1
Sceneryobjects\DBC_Objects\obj_streetlight_bend.sco
1379762619
1379762619
-1
Sceneryobjects\DBC_Objects\obj_streetlight_double.sco
1379762619
1379762619
-1
Sceneryobjects\DBC_Objects\obj_streetlight_single.sco
1379762619
1379762619
-1
Sceneryobjects\DBC_Objects\obj_TL_car3_bar-NEWJOHNCITY.sco
1231327473
1231327473
-1
Sceneryobjects\DBC_Objects\obj_TL_ped_rear.sco
1379762619
1379762619
-1
Sceneryobjects\DBC_Objects\Sign_Street_Med.sco
1379762619
1379762619
-1
Sceneryobjects\DBC_Objects\Sign_Street_StopAW.sco
1379762620
1379762620
-1
Sceneryobjects\Generic\bus_stop.sco
1379762541
1379762541
-1
Sceneryobjects\Generic\car_park.sco
1379762530
1379762530
-1
Sceneryobjects\Generic\entrypoint_bus.sco
1379762552
1379762552
-1
Sceneryobjects\Generic\people_standing_small.sco
1379762530
1379762530
-1
Sceneryobjects\Generic\routearrows_busstop.sco
1379762541
1379762541
-1
Sceneryobjects\NewJohnCity\NeighbourhoodAmbience.sco
1228838621
1228838621
-1
Sceneryobjects\NewJohnCity\seneca.sco
1349741778
1349741778
-1
Sceneryobjects\Streetobjects_RUE\Gaslight_Pole.sco
1379762544
1379762544
-1
Sceneryobjects\Trees_MC\fir_medium_02.sco
1379762560
1379762560
-1
Sceneryobjects\Willshire\Var1\busstopTTC.sco
1188783534
1188783534
-1
Sceneryobjects\Willshire\Var4\busstopTTC.sco
1188783536
1188783536
-1
Sceneryobjects\Willshire\Var5\busstopTTC.sco
1188783536
1188783536
-1
Splines\ADDON_SimpleStreets\RQ_20_4_spur_15m_narrow_Sidewalk.sli
1048779398
-
-
Splines\ADDON_SimpleStreets\RQ_20_4_spur_15m_Sidewalk.sli
1048860901
-
-
Splines\ADDON_SimpleStreets\RQ_9,5_2spur_6,5m_Sidewalk.sli
1047206666
-
-
Sceneryobjects\Generic\routearrow_dn.sco
1379762541
1379762541
-1
Sceneryobjects\Generic\routearrow_L.sco
1379762530
1379762530
-1
Sceneryobjects\Willshire\Var1\Busstop_Column.sco
1188783534
1188783534
-1
