Sceneryobjects\ADDON_SimpleStreets\RQ_20n_Busstop001.sco
1052989671
1052989671
-1
Sceneryobjects\ADDON_SimpleStreets\RQ_20n_Busstop002.sco
1052989531
1052989531
-1
Sceneryobjects\ADDON_SimpleStreets\RQ_20n_w9,5_SideWide_Cross_A.sco
1115556736
1115556736
-1
Sceneryobjects\Generic\bus_stop.sco
1379762541
1379762541
-1
Sceneryobjects\Generic\people_standing_small.sco
1379762530
1379762530
-1
Sceneryobjects\Generic\routearrows_busstop.sco
1379762541
1379762541
-1
Sceneryobjects\Willshire\Var1\Busstop.sco
1188783534
1188783534
-1
Splines\ADDON_SimpleStreets\RQ_10,5_1spur.sli
1048344833
-
-
Splines\ADDON_SimpleStreets\RQ_10,5_2spur_7,5m_Sidewalk.sli
1047295100
-
-
Splines\ADDON_SimpleStreets\RQ_20_4_spur_15m_narrow_Sidewalk.sli
1048779398
-
-
Splines\ADDON_SimpleStreets\RQ_20_4_spur_15m_narrow_Sidewalk_wide.sli
1109675008
-
-
Splines\ADDON_SimpleStreets\RQ_28.sli
1048384460
-
-
Sceneryobjects\DBC_Objects\obj_att_rod_short.sco
1379762619
1379762619
-1
Sceneryobjects\DBC_Objects\obj_pole_large.sco
1379762619
1379762619
-1
Sceneryobjects\DBC_Objects\obj_pole_streetside_rear.sco
1379762619
1379762619
-1
Sceneryobjects\DBC_Objects\obj_TL_car3_bar-NEWJOHNCITY.sco
1231327473
1231327473
-1
Sceneryobjects\DBC_Objects\Sign_Street_Med.sco
1379762619
1379762619
-1
Sceneryobjects\NewJohnCity\sign-80kmh.sco
1227534858
1227534858
-1
Sceneryobjects\Streetobjects_RUE\LBL-Tropfen_5.sco
1379762560
1379762560
-1
