Sceneryobjects\ADDON_SimpleStreets\RQ_20n_to_20.sco
1049107002
1049107002
-1
Sceneryobjects\ashleytayles\NJC-4lanes_junction.sco
1318235800
1318235800
-1
Sceneryobjects\DBC_Objects\obj_streetlight_bend.sco
1379762619
1379762619
-1
Splines\ADDON_SimpleStreets\RQ_10,5_2spur_7,5m_Oneway.sli
1049453901
-
-
Splines\ADDON_SimpleStreets\RQ_20_4_spur_15m_narrow_Sidewalk.sli
1048779398
-
-
Splines\ADDON_SimpleStreets\RQ_20_4_spur_15m_Sidewalk.sli
1048860901
-
-
Sceneryobjects\DBC_Objects\obj_att_rod_med.sco
1379762619
1379762619
-1
Sceneryobjects\DBC_Objects\obj_att_rod_stub.sco
1379762619
1379762619
-1
Sceneryobjects\DBC_Objects\obj_streetlight_bend_double.sco
1379762619
1379762619
-1
Sceneryobjects\DBC_Objects\obj_TL_car3_bar-NEWJOHNCITY.sco
1231327473
1231327473
-1
Sceneryobjects\DBC_Objects\obj_TL_car4L_bar-NEWJOHNCITY.sco
1231324636
1231324636
-1
Sceneryobjects\DBC_Objects\Sign_Street_Med.sco
1379762619
1379762619
-1
