Sceneryobjects\ADDON_SimpleStreets\RQ_10,5_to_15,5_Start.sco
1047932137
1047932137
-1
Sceneryobjects\ADDON_SimpleStreets\RQ_15,5_3spur_11,5m_1lane.sco
1112611227
1112611227
-1
Sceneryobjects\ADDON_SimpleStreets\RQ_15,5_3spur_11,5m_2lane.sco
1112611276
1112611276
-1
Sceneryobjects\ADDON_SimpleStreets\RQ_15,5_3spur_11,5m_Bus1laneEnd.sco
1112611216
1112611216
-1
Sceneryobjects\ADDON_SimpleStreets\RQ_15,5_3spur_11,5m_Bus1laneStart.sco
1112611203
1112611203
-1
Sceneryobjects\ADDON_SimpleStreets\RQ_15,5_3spur_11,5m_Bus2laneEndCobble.sco
1112611260
1112611260
-1
Sceneryobjects\ADDON_SimpleStreets\RQ_15,5_3spur_11,5m_Bus2laneStartCobble.sco
1112611183
1112611183
-1
Sceneryobjects\ADDON_SimpleStreets\RQ_15,5_3spur_11,5m_Sidewalk_junct.sco
1047931531
1047931531
-1
Sceneryobjects\ADDON_SimpleStreets\RQ_20n_to_10,5.sco
1049109931
1049109931
-1
Sceneryobjects\ADDON_SimpleStreets\RQ_X8m_to_15,5_Start.sco
1047931632
1047931632
-1
Sceneryobjects\ashleytayles\NJC-4lanes_junction-grantown.sco
1320443379
1320443379
-1
Sceneryobjects\DBC_Objects\obj_att_rod_med.sco
1379762619
1379762619
-1
Sceneryobjects\DBC_Objects\obj_streetlight_bend.sco
1379762619
1379762619
-1
Sceneryobjects\DBC_Objects\obj_TL_car3_bar-NEWJOHNCITY.sco
1231327473
1231327473
-1
Sceneryobjects\DBC_Objects\Sign_Street_Med.sco
1379762619
1379762619
-1
Sceneryobjects\Generic\bus_stop.sco
1379762541
1379762541
-1
Sceneryobjects\Generic\people_standing_small.sco
1379762530
1379762530
-1
Sceneryobjects\Generic\routearrow_dn.sco
1379762541
1379762541
-1
Sceneryobjects\Generic\routearrow_L.sco
1379762530
1379762530
-1
Sceneryobjects\Generic\routearrow_R.sco
1379762530
1379762530
-1
Sceneryobjects\Generic\routearrows_busstop.sco
1379762541
1379762541
-1
Sceneryobjects\NewJohnCity\helper-routearrow_L.sco
1249092801
1249092801
-1
Sceneryobjects\NewJohnCity\helper-routearrow_R.sco
1249092802
1249092802
-1
Sceneryobjects\Willshire\busstops\busstop.sco
1279374266
1279374266
-1
Splines\ADDON_SimpleStreets\RQ_10,5_2spur_7,5m_Sidewalk.sli
1047295100
-
-
Splines\ADDON_SimpleStreets\RQ_15,5_2spur_11,5m_Sidewalk.sli
1047604021
-
-
Splines\ADDON_SimpleStreets\RQ_20_4_spur_15m_narrow_Sidewalk.sli
1048779398
-
-
Splines\ADDON_SimpleStreets\RQ_X_2spur_Altonaer_8m.sli
1047606301
-
-
