Sceneryobjects\ADDON_SimpleStreets\NJC_RQ_20n_w9,5_Sidew_Crossing.sco
1318277349
1318277349
-1
Sceneryobjects\ADDON_SimpleStreets\RQ_20n_w9,5_Sidew_Crossing.sco
1049105935
1049105935
-1
Sceneryobjects\ADDON_SimpleStreets\RQ_9,5_2spur_6,5m_Sidewalk_busstop_double.sco
1047931421
1047931421
-1
Sceneryobjects\ADDON_SimpleStreets\RQ_9,5_2spur_6,5m_Sidewalk_junct_forbus.sco
1047931459
1047931459
-1
Sceneryobjects\DBC_Objects\obj_att_rod_short.sco
1379762619
1379762619
-1
Sceneryobjects\DBC_Objects\obj_pole_large.sco
1379762619
1379762619
-1
Sceneryobjects\DBC_Objects\obj_pole_streetside_rear.sco
1379762619
1379762619
-1
Sceneryobjects\DBC_Objects\obj_TL_car3_bar-NEWJOHNCITY.sco
1231327473
1231327473
-1
Sceneryobjects\DBC_Objects\Sign_Street_Stop.sco
1379762620
1379762620
-1
Sceneryobjects\Generic\bus_stop.sco
1379762541
1379762541
-1
Sceneryobjects\Generic\entrypoint_bus.sco
1379762552
1379762552
-1
Sceneryobjects\Generic\people_standing_small.sco
1379762530
1379762530
-1
Sceneryobjects\Generic\routearrow_dn.sco
1379762541
1379762541
-1
Sceneryobjects\Generic\routearrow_L.sco
1379762530
1379762530
-1
Sceneryobjects\Generic\routearrow_R.sco
1379762530
1379762530
-1
Sceneryobjects\Generic\routearrows_busstop.sco
1379762541
1379762541
-1
Sceneryobjects\NewJohnCity\GO-PA.sco
1349484651
1349484651
-1
Sceneryobjects\NewJohnCity\helper-routearrow_L.sco
1249092801
1249092801
-1
Sceneryobjects\Streetobjects_RUE\neonlight_L_bend_L.sco
1379762545
1379762545
-1
Sceneryobjects\Streetobjects_RUE\sodiumlight_photpump.sco
1379762560
1379762560
-1
Sceneryobjects\Trees_MC\fir_medium_02.sco
1379762560
1379762560
-1
Sceneryobjects\Willshire\Var1\Busstop_LargeName_Timetable_1.sco
1188783534
1188783534
-1
Sceneryobjects\Willshire\Var1\Busstop_Lineplate_green_2.sco
1188783534
1188783534
-1
Splines\ADDON_SimpleStreets\RQ_20_4_spur_15m_narrow_Sidewalk.sli
1048779398
-
-
Splines\ADDON_SimpleStreets\RQ_9,5_2spur_6,5m_Sidewalk.sli
1047206666
-
-
