Sceneryobjects\ADDON_SimpleStreets\RQ_20n_Busstop003.sco
1052990265
1052990265
-1
Sceneryobjects\ADDON_SimpleStreets\RQ_20n_Busstop004.sco
1052990356
1052990356
-1
Sceneryobjects\ADDON_SimpleStreets\RQ_20n_to_20.sco
1049107002
1049107002
-1
Sceneryobjects\ashleytayles\NJC-4lanes_junction.sco
1318235800
1318235800
-1
Splines\ADDON_SimpleStreets\RQ_10,5_2spur_7,5m_Oneway.sli
1049453901
-
-
Splines\ADDON_SimpleStreets\RQ_20_4_spur_15m_narrow_Sidewalk.sli
1048779398
-
-
Sceneryobjects\Generic\bus_stop.sco
1379762541
1379762541
-1
Sceneryobjects\Generic\people_standing_small.sco
1379762530
1379762530
-1
Sceneryobjects\Generic\routearrows_busstop.sco
1379762541
1379762541
-1
Sceneryobjects\Willshire\busstops\busstop.sco
1279374266
1279374266
-1
Sceneryobjects\Willshire\Var1\Busstop.sco
1188783534
1188783534
-1
