Sceneryobjects\ADDON_SimpleStreets\RQ_9,5_2spur_6,5m_Sidewalk_busstop.sco
1047931392
1047931392
-1
Sceneryobjects\ADDON_SimpleStreets\RQ_9,5_2spur_6,5m_Sidewalk_busstop_double.sco
1047931421
1047931421
-1
Sceneryobjects\ADDON_SimpleStreets\RQ_9,5_2spur_6,5m_Sidewalk_cross_forbus.sco
1047931437
1047931437
-1
Sceneryobjects\ADDON_SimpleStreets\RQ_9,5_2spur_6,5m_Sidewalk_PedCross.sco
1047932163
1047932163
-1
Sceneryobjects\ADDON_SimpleStreets\RQ_9,5_2spur_6,5m_Sidewalk_Roundabout_part0.sco
1052256746
1052256746
-1
Sceneryobjects\ADDON_SimpleStreets\RQ_9,5_2spur_6,5m_Sidewalk_Roundabout_part2.sco
1048125225
1048125225
-1
Sceneryobjects\ADDON_SimpleStreets\RQ_9,5_2spur_6,5m_Sidewalk_Roundabout_part3.sco
1052256775
1052256775
-1
Sceneryobjects\Buildings_MC\bk_petrus.sco
1379762537
1379762537
-1
Sceneryobjects\Buildings_MC\bw_amtsgericht_spandau.sco
1379762524
1379762524
-1
Sceneryobjects\Buildings_MC\bw_bauhaus.sco
1379762524
1379762524
-1
Sceneryobjects\Buildings_MC\bw_business_01B.sco
1379762524
1379762524
-1
Sceneryobjects\Buildings_MC\bw_einkaufszentrum_04.sco
1379762524
1379762524
-1
Sceneryobjects\Buildings_MC\BW_Gart_A.sco
1379762524
1379762524
-1
Sceneryobjects\Buildings_MC\BW_Gart_B.sco
1379762524
1379762524
-1
Sceneryobjects\Buildings_MC\BW_Gart_C.sco
1379762524
1379762524
-1
Sceneryobjects\Buildings_MC\BW_Gart_D.sco
1379762524
1379762524
-1
Sceneryobjects\Buildings_MC\bw_hoch_03.sco
1379762524
1379762524
-1
Sceneryobjects\Buildings_MC\bw_hoch_05.sco
1379762537
1379762537
-1
Sceneryobjects\Buildings_MC\bw_hoch_14.sco
1379762524
1379762524
-1
Sceneryobjects\Buildings_MC\bw_hoch_21A.sco
1379762524
1379762524
-1
Sceneryobjects\Buildings_MC\bw_hoch_23A.sco
1379762524
1379762524
-1
Sceneryobjects\Buildings_MC\bw_ladengeschaeft_01.sco
1379762524
1379762524
-1
Sceneryobjects\Buildings_MC\bw_polizei01.sco
1379762524
1379762524
-1
Sceneryobjects\Buildings_MC\bw_supermarkt_2.sco
1379762524
1379762524
-1
Sceneryobjects\Buildings_MC\bw_workshop_01.sco
1379762524
1379762524
-1
Sceneryobjects\Buildings_MC\park_2_A.sco
1379762539
1379762539
-1
Sceneryobjects\Buildings_MC\tank_1_esso.sco
1379762525
1379762525
-1
Sceneryobjects\Buildings_MC\tank_2_bp.sco
1379762528
1379762528
-1
Sceneryobjects\Buildings_RUE\Haus03a.sco
1379762530
1379762530
-1
Sceneryobjects\Buildings_RUE\Haus03b.sco
1379762530
1379762530
-1
Sceneryobjects\Buildings_RUE\Haus03c.sco
1379762530
1379762530
-1
Sceneryobjects\Buildings_RUE\Haus03c2.sco
1379762530
1379762530
-1
Sceneryobjects\Buildings_RUE\Haus03e.sco
1379762530
1379762530
-1
Sceneryobjects\DBC_Objects\NEWJOHNCITY_busstop_hut.sco
1227530861
1227530861
-1
Sceneryobjects\DBC_Objects\obj_att_rod_short.sco
1379762619
1379762619
-1
Sceneryobjects\DBC_Objects\obj_container_1.sco
1379762619
1379762619
-1
Sceneryobjects\DBC_Objects\obj_container_2.sco
1379762619
1379762619
-1
Sceneryobjects\DBC_Objects\obj_pole_streetside_rear.sco
1379762619
1379762619
-1
Sceneryobjects\DBC_Objects\obj_streetlight_bend.sco
1379762619
1379762619
-1
Sceneryobjects\DBC_Objects\obj_TL_car3_bar-NEWJOHNCITY.sco
1231327473
1231327473
-1
Sceneryobjects\DBC_Objects\obj_trashbox.sco
1379762619
1379762619
-1
Sceneryobjects\DBC_Objects\Sign_Street_DoNotEnterCTA.sco
1379762619
1379762619
-1
Sceneryobjects\DBC_Objects\Sign_Street_Med.sco
1379762619
1379762619
-1
Sceneryobjects\DBC_Objects\Sign_Street_StopAW.sco
1379762620
1379762620
-1
Sceneryobjects\Generic\bus_stop.sco
1379762541
1379762541
-1
Sceneryobjects\Generic\car_park.sco
1379762530
1379762530
-1
Sceneryobjects\Generic\entrypoint_bus.sco
1379762552
1379762552
-1
Sceneryobjects\Generic\people_standing_small.sco
1379762530
1379762530
-1
Sceneryobjects\Generic\routearrow_dn.sco
1379762541
1379762541
-1
Sceneryobjects\Generic\routearrow_L.sco
1379762530
1379762530
-1
Sceneryobjects\Generic\routearrow_R.sco
1379762530
1379762530
-1
Sceneryobjects\Generic\routearrows_busstop.sco
1379762541
1379762541
-1
Sceneryobjects\NewJohnCity\busstopSCHOOL.sco
1229291929
1229291929
-1
Sceneryobjects\NewJohnCity\helper-routearrow_dn.sco
1249092800
1249092800
-1
Sceneryobjects\NewJohnCity\helper-routearrow_L.sco
1249092801
1249092801
-1
Sceneryobjects\NewJohnCity\helper-routearrow_R.sco
1249092802
1249092802
-1
Sceneryobjects\NewJohnCity\sign-40kmh.sco
1227535217
1227535217
-1
Sceneryobjects\Ruede\forest_backdrop01.sco
1379762544
1379762544
-1
Sceneryobjects\Streetobjects_MC\rw_barrier_light_r.sco
1379762544
1379762544
-1
Sceneryobjects\Streetobjects_MC\rw_barrier_light_y.sco
1379762544
1379762544
-1
Sceneryobjects\Streetobjects_MC\rw_digging.sco
1379762544
1379762544
-1
Sceneryobjects\Streetobjects_RUE\DDR_1xPGH-Topf_Wood+Cable.sco
1379762544
1379762544
-1
Sceneryobjects\Streetobjects_RUE\DDR_Busbahnsteig.sco
1379762544
1379762544
-1
Sceneryobjects\Streetobjects_RUE\DDR_Pole_doubleWood_cable.sco
1379762544
1379762544
-1
Sceneryobjects\Streetobjects_RUE\DDR_Pole_Wood_cable.sco
1379762544
1379762544
-1
Sceneryobjects\Streetobjects_RUE\LBL-Tropfen.sco
1379762560
1379762560
-1
Sceneryobjects\Streetobjects_RUE\LBL-Tropfen_3.sco
1379762544
1379762544
-1
Sceneryobjects\Streetobjects_RUE\LBL-Tropfen_5.sco
1379762560
1379762560
-1
Sceneryobjects\Trees_MC\arbor_1.sco
1379762545
1379762545
-1
Sceneryobjects\Trees_MC\arbor_2.sco
1379762545
1379762545
-1
Sceneryobjects\Trees_MC\arbor_3.sco
1379762545
1379762545
-1
Sceneryobjects\Trees_MC\arbor_4.sco
1379762545
1379762545
-1
Sceneryobjects\Trees_MC\arbor_5.sco
1379762545
1379762545
-1
Sceneryobjects\Trees_MC\arbor_6.sco
1379762545
1379762545
-1
Sceneryobjects\Trees_MC\arbor_sixpack.sco
1379762545
1379762545
-1
Sceneryobjects\Trees_MC\fir_medium_02.sco
1379762560
1379762560
-1
Sceneryobjects\Trees_MC\fir_medium_03.sco
1379762545
1379762545
-1
Sceneryobjects\Trees_MC\shrubbery_01_20.sco
1379762545
1379762545
-1
Sceneryobjects\Trees_MC\shrubbery_04_20.sco
1379762545
1379762545
-1
Sceneryobjects\Trees_MC\ShrubberyBox_01.sco
1379762545
1379762545
-1
Sceneryobjects\Willshire\busstops\busstop.sco
1279374266
1279374266
-1
Sceneryobjects\Willshire\Special\industry_cube.sco
1188783533
1188783533
-1
Sceneryobjects\Willshire\Special\Shoppingcenter_cube.sco
1188783533
1188783533
-1
Sceneryobjects\Willshire\Special\VZ_surfmark_arrow_S.sco
1188783533
1188783533
-1
Sceneryobjects\Willshire\Var1\Busstop_Column.sco
1188783534
1188783534
-1
Sceneryobjects\Willshire\Var1\noparking.sco
1188783534
1188783534
-1
Sceneryobjects\Willshire\Var4\busstopTTC.sco
1188783536
1188783536
-1
Sceneryobjects\Willshire\Var5\busstopTTC.sco
1188783536
1188783536
-1
Splines\ADDON_SimpleStreets\RQ_9,5_2spur_6,5m_Sidewalk.sli
1047206666
-
-
Splines\Marcel\invis_street.sli
1379762566
-
-
Splines\Ruede\DDR_Zaun_01.sli
1379762554
-
-
Splines\Ruede\Kabel_holzmast_6m.sli
1379762566
-
-
Vehicles\DBC_Chicago_Car_10\parked_car10.sco
1379762628
1379762628
-1
Vehicles\DBC_Chicago_Car_10\parked_car10_dump.sco
1379762629
1379762632
-1
Vehicles\DBC_Chicago_Car_10\parked_car10_trash.sco
1379762628
1379762628
-1
Vehicles\DBC_Chicago_Car_11\parked_car11.sco
1379762628
1379762628
-1
Vehicles\DBC_Chicago_Car_7\car7_police_parked.sco
1379762629
1379762629
-1
Vehicles\DBC_Chicago_Car_7\car7_police_parked_random.sco
1379762629
1379762630
-1
