Sceneryobjects\ADDON_SimpleStreets\RQ_20n_Busstop001.sco
1052989671
1052989671
-1
Sceneryobjects\ADDON_SimpleStreets\RQ_20n_Busstop002.sco
1052989531
1052989531
-1
Sceneryobjects\ADDON_SimpleStreets\RQ_20n_w9,5_Sidew_Crossing.sco
1049105935
1049105935
-1
Sceneryobjects\ADDON_SimpleStreets\RQ_9,5_2spur_6,5m_Sidewalk_busstop.sco
1047931392
1047931392
-1
Sceneryobjects\ADDON_SimpleStreets\RQ_9,5_2spur_6,5m_Sidewalk_junct_forbus.sco
1047931459
1047931459
-1
Sceneryobjects\ADDON_SimpleStreets\RQ_9,5_2spur_6,5m_Sidewalk_junct_forbus4.sco
1049116832
1049116832
-1
Sceneryobjects\Buildings_MC\bk_melanchthon.sco
1379762524
1379762524
-1
Sceneryobjects\Buildings_MC\bw_hoch_02.sco
1379762524
1379762524
-1
Sceneryobjects\Buildings_MC\schul_turn_02.sco
1379762525
1379762525
-1
Sceneryobjects\Buildings_MC\tank_1_esso.sco
1379762525
1379762525
-1
Sceneryobjects\Buildings_RUE\Highschool_70s.sco
1379762530
1379762530
-1
Sceneryobjects\DBC_Objects\DBC_shrubbery_04_20.sco
1379762617
1379762617
-1
Sceneryobjects\DBC_Objects\NEWJOHNCITY_busstop_hut.sco
1227530861
1227530861
-1
Sceneryobjects\DBC_Objects\obj_att_rod_med.sco
1379762619
1379762619
-1
Sceneryobjects\DBC_Objects\obj_streetlight_bend.sco
1379762619
1379762619
-1
Sceneryobjects\DBC_Objects\obj_TL_car3_bar-NEWJOHNCITY.sco
1231327473
1231327473
-1
Sceneryobjects\Generic\bus_stop.sco
1379762541
1379762541
-1
Sceneryobjects\Generic\entrypoint_bus.sco
1379762552
1379762552
-1
Sceneryobjects\Generic\fireworks.sco
1379762530
1379762530
-1
Sceneryobjects\Generic\people_standing_small.sco
1379762530
1379762530
-1
Sceneryobjects\Generic\routearrow_dn.sco
1379762541
1379762541
-1
Sceneryobjects\Generic\routearrow_L.sco
1379762530
1379762530
-1
Sceneryobjects\Generic\routearrow_R.sco
1379762530
1379762530
-1
Sceneryobjects\Generic\routearrows_busstop.sco
1379762541
1379762541
-1
Sceneryobjects\NewJohnCity\busstopSCHOOL.sco
1229291929
1229291929
-1
Sceneryobjects\NewJohnCity\helper-routearrow_dn.sco
1249092800
1249092800
-1
Sceneryobjects\NewJohnCity\helper-routearrow_L.sco
1249092801
1249092801
-1
Sceneryobjects\NewJohnCity\helper-routearrow_R.sco
1249092802
1249092802
-1
Sceneryobjects\Streetobjects_RUE\neonlight_S_wood.sco
1379762560
1379762560
-1
Sceneryobjects\Streetobjects_RUE\sodiumlight_photpump.sco
1379762560
1379762560
-1
Sceneryobjects\Trees_MC\fir_medium_01.sco
1379762545
1379762545
-1
Sceneryobjects\Trees_MC\fir_medium_02.sco
1379762560
1379762560
-1
Sceneryobjects\Trees_MC\fir_medium_03.sco
1379762545
1379762545
-1
Sceneryobjects\Willshire\Special\city_cube.sco
1188783533
1188783533
-1
Sceneryobjects\Willshire\Special\Schoolyard_cube.sco
1188783533
1188783533
-1
Sceneryobjects\Willshire\Var4\busstopTTC.sco
1188783536
1188783536
-1
Splines\ADDON_SimpleStreets\RQ_20_4_spur_15m_narrow_Sidewalk.sli
1048779398
-
-
Splines\ADDON_SimpleStreets\RQ_9,5_2spur_6,5m_Sidewalk.sli
1047206666
-
-
