Sceneryobjects\ADDON_SimpleStreets\RQ_20n_Busstop001.sco
1052989671
1052989671
-1
Sceneryobjects\ADDON_SimpleStreets\RQ_20n_Busstop002.sco
1052989531
1052989531
-1
Sceneryobjects\ADDON_SimpleStreets\RQ_20n_w9,5_Sidew_Crossing.sco
1049105935
1049105935
-1
Sceneryobjects\ashleytayles\NJC-4lanes_junction-A.sco
1320391922
1320391922
-1
Sceneryobjects\Buildings_MC\bw_business_01.sco
1379762524
1379762524
-1
Sceneryobjects\Buildings_MC\bw_business_01B.sco
1379762524
1379762524
-1
Sceneryobjects\Buildings_MC\bw_ikea_1.sco
1379762524
1379762524
-1
Sceneryobjects\Buildings_MC\park_2_A.sco
1379762539
1379762539
-1
Sceneryobjects\Buildings_MC\tank_2_esso.sco
1379762539
1379762539
-1
Sceneryobjects\DBC_Objects\obj_att_rod_med.sco
1379762619
1379762619
-1
Sceneryobjects\DBC_Objects\obj_pole_streetside_rear.sco
1379762619
1379762619
-1
Sceneryobjects\DBC_Objects\obj_streetlight_bend.sco
1379762619
1379762619
-1
Sceneryobjects\DBC_Objects\obj_TL_car3_bar-NEWJOHNCITY.sco
1231327473
1231327473
-1
Sceneryobjects\DBC_Objects\obj_TL_car4L_bar-NEWJOHNCITY.sco
1231324636
1231324636
-1
Sceneryobjects\DBC_Objects\Sign_Street_Med.sco
1379762619
1379762619
-1
Sceneryobjects\Generic\bus_stop.sco
1379762541
1379762541
-1
Sceneryobjects\Generic\people_standing_small.sco
1379762530
1379762530
-1
Sceneryobjects\Generic\routearrow_L.sco
1379762530
1379762530
-1
Sceneryobjects\Generic\routearrow_R.sco
1379762530
1379762530
-1
Sceneryobjects\Generic\routearrows_busstop.sco
1379762541
1379762541
-1
Sceneryobjects\NewJohnCity\sign-50kmh.sco
1227535218
1227535218
-1
Sceneryobjects\NewJohnCity\sign-60kmh.sco
1227534856
1227534856
-1
Sceneryobjects\Ruede\forest_backdrop01.sco
1379762544
1379762544
-1
Sceneryobjects\Trees_MC\fir_medium_02.sco
1379762560
1379762560
-1
Sceneryobjects\Willshire\Var4\busstopTTC.sco
1188783536
1188783536
-1
Splines\ADDON_SimpleStreets\RQ_20_4_spur_15m_narrow_Sidewalk.sli
1048779398
-
-
