Sceneryobjects\ADDON_SimpleStreets\RQ_28_Entry_End.sco
1048925879
1048925879
-1
Sceneryobjects\ADDON_SimpleStreets\RQ_28_EntryExit_Straight.sco
1048925971
1048925971
-1
Sceneryobjects\ADDON_SimpleStreets\RQ_28_Exit_End.sco
1048926040
1048926040
-1
Sceneryobjects\ADDON_SimpleStreets\RQ_28_Exit_Start.sco
1048926240
1048926240
-1
Sceneryobjects\ADDON_SimpleStreets\RQ_28_From_36.sco
1049830534
1049830534
-1
Sceneryobjects\ADDON_SimpleStreets\RQ_28_To_36.sco
1049830478
1049830478
-1
Sceneryobjects\ADDON_SimpleStreets\RQ_36_Entry_End.sco
1049830736
1049830736
-1
Sceneryobjects\ADDON_SimpleStreets\RQ_36_EntryExit_Straight.sco
1049831017
1049831017
-1
Sceneryobjects\ADDON_SimpleStreets\RQ_36_Exit_Start.sco
1049830806
1049830806
-1
Sceneryobjects\ADDON_SimpleStreets\RQ_36_Straight.sco
1049831077
1049831077
-1
Sceneryobjects\Generic\entrypoint_bus.sco
1379762552
1379762552
-1
Splines\ADDON_SimpleStreets\RQ_10,5_1spur _forward.sli
1056472406
-
-
Splines\ADDON_SimpleStreets\RQ_28_Half.sli
1049454293
-
-
Splines\ADDON_SimpleStreets\RQ_28_Half_EntryExit.sli
1049831954
-
-
Splines\ADDON_SimpleStreets\RQ_36_EntryExit.sli
1049831627
-
-
Splines\ADDON_SimpleStreets\RQ_36_EntryExit_Both.sli
1049828512
-
-
