Sceneryobjects\ADDON_SimpleStreets\RQ_10,5_Sidewalk_Bridge_Connector.sco
1049111228
1049111228
-1
Sceneryobjects\ADDON_SimpleStreets\RQ_20n_w9,5_Sidew_Crossing.sco
1049105935
1049105935
-1
Sceneryobjects\Generic\bus_stop.sco
1379762541
1379762541
-1
Sceneryobjects\Generic\people_standing_small.sco
1379762530
1379762530
-1
Sceneryobjects\Generic\routearrows_busstop.sco
1379762541
1379762541
-1
Sceneryobjects\Streetobjects_RUE\Gaslight_Pole.sco
1379762544
1379762544
-1
Sceneryobjects\Willshire\Var4\busstopTTC.sco
1188783536
1188783536
-1
Splines\ADDON_SimpleStreets\RQ_10,5_2spur_7,5m_Sidewalk_Bridge.sli
1049110737
-
-
Splines\ADDON_SimpleStreets\RQ_20_4_spur_15m_narrow_Sidewalk.sli
1048779398
-
-
