Sceneryobjects\ADDON_SimpleStreets\RQ_20n_to_10,5.sco
1049109931
1049109931
-1
Sceneryobjects\ADDON_SimpleStreets\RQ_20n_to_heerstrasse1.sco
1049108084
1049108084
-1
Sceneryobjects\ashleytayles\NJC-4lanes_junction.sco
1318235800
1318235800
-1
Sceneryobjects\DBC_Objects\NEWJOHNCITY_busstop_hut.sco
1227530861
1227530861
-1
Sceneryobjects\DBC_Objects\obj_att_rod_med.sco
1379762619
1379762619
-1
Sceneryobjects\DBC_Objects\obj_att_rod_short.sco
1379762619
1379762619
-1
Sceneryobjects\DBC_Objects\obj_pole_large.sco
1379762619
1379762619
-1
Sceneryobjects\DBC_Objects\obj_pole_streetside_rear.sco
1379762619
1379762619
-1
Sceneryobjects\DBC_Objects\obj_streetlight_bend.sco
1379762619
1379762619
-1
Sceneryobjects\DBC_Objects\obj_TL_car3_bar-NEWJOHNCITY.sco
1231327473
1231327473
-1
Sceneryobjects\DBC_Objects\obj_TL_car4L_bar-NEWJOHNCITY.sco
1231324636
1231324636
-1
Sceneryobjects\DBC_Objects\Sign_Street_Med.sco
1379762619
1379762619
-1
Sceneryobjects\Generic\bus_stop.sco
1379762541
1379762541
-1
Sceneryobjects\Generic\entrypoint_bus.sco
1379762552
1379762552
-1
Sceneryobjects\Generic\people_standing_small.sco
1379762530
1379762530
-1
Sceneryobjects\Generic\routearrow_dn.sco
1379762541
1379762541
-1
Sceneryobjects\Generic\routearrow_L.sco
1379762530
1379762530
-1
Sceneryobjects\Generic\routearrow_R.sco
1379762530
1379762530
-1
Sceneryobjects\Generic\routearrows_busstop.sco
1379762541
1379762541
-1
Sceneryobjects\Kreuz_MC\Kreuz_Heerstr_Pillnitzer_Reimer.sco
1379762533
1379762533
-1
Sceneryobjects\NewJohnCity\helper-routearrow_L.sco
1249092801
1249092801
-1
Sceneryobjects\NewJohnCity\sign-60kmh.sco
1227534856
1227534856
-1
Sceneryobjects\NewJohnCity\sign-80kmh.sco
1227534858
1227534858
-1
Sceneryobjects\Ruede\forest_backdrop01.sco
1379762544
1379762544
-1
Sceneryobjects\Streetobjects_RUE\DDR_Pole_doubleWood_cable.sco
1379762544
1379762544
-1
Sceneryobjects\Streetobjects_RUE\neonlight_2L_bend_L.sco
1379762545
1379762545
-1
Sceneryobjects\Streetobjects_RUE\neonlight_L_bend_L.sco
1379762545
1379762545
-1
Sceneryobjects\Streetobjects_RUE\sodiumlight_photpump.sco
1379762560
1379762560
-1
Sceneryobjects\Trees_MC\fir_medium_02.sco
1379762560
1379762560
-1
Sceneryobjects\Willshire\busstops\busstop.sco
1279374266
1279374266
-1
Sceneryobjects\Willshire\Var4\busstopTTC.sco
1188783536
1188783536
-1
Splines\ADDON_SimpleStreets\RQ_10,5_2spur_7,5m.sli
1048126500
-
-
Splines\ADDON_SimpleStreets\RQ_20_4_spur_15m_narrow_Sidewalk.sli
1048779398
-
-
Splines\Marcel\str_2spur_6m_gaertnereiring1.sli
1379762552
-
-
Splines\Marcel\str_2spur_6m_griesinger1.sli
1379762552
-
-
Splines\Marcel\str_2spur_9m_Sandstr2.sli
1379762552
-
-
Splines\Marcel\str_4spur_12,5m_Heerstr1.sli
1379762552
-
-
Splines\Marcel\str_4spur_Heerstr2.sli
1379762552
-
-
Splines\Ruede\Kabel_holzmast_6m.sli
1379762566
-
-
Sceneryobjects\NewJohnCity\helper-routearrow_R.sco
1249092802
1249092802
-1
