Sceneryobjects\ADDON_SimpleStreets\NJC_RQ_20n_w9,5_Sidew_Crossing-B.sco
1318280492
1318280492
-1
Sceneryobjects\ADDON_SimpleStreets\RQ_9,5_to_X8.sco
1047931501
1047931501
-1
Sceneryobjects\ADDON_SimpleStreets\RQ_X8m_2spur_8,0m_Sidewalk_busstop.sco
1047931544
1047931544
-1
Sceneryobjects\ADDON_SimpleStreets\RQ_X8m_2spur_8,0m_Sidewalk_cross.sco
1047931556
1047931556
-1
Sceneryobjects\Buildings_MC\Box01.sco
1379762524
1379762524
-1
Sceneryobjects\Buildings_MC\oth_elek_1.sco
1379762525
1379762525
-1
Sceneryobjects\Buildings_MC\tank_1_esso.sco
1379762525
1379762525
-1
Sceneryobjects\Buildings_RUE\Haus03c.sco
1379762530
1379762530
-1
Sceneryobjects\Buildings_RUE\Schulzentrum.sco
1379762530
1379762530
-1
Sceneryobjects\Buildings_RUE\Stadtbuecherei.sco
1379762530
1379762530
-1
Sceneryobjects\DBC_Objects\DBC_shrubbery_03_20.sco
1379762617
1379762617
-1
Sceneryobjects\DBC_Objects\obj_att_rod_med.sco
1379762619
1379762619
-1
Sceneryobjects\DBC_Objects\obj_pole_streetside_rear.sco
1379762619
1379762619
-1
Sceneryobjects\DBC_Objects\obj_streetlight_bend.sco
1379762619
1379762619
-1
Sceneryobjects\DBC_Objects\obj_streetlight_bend_double.sco
1379762619
1379762619
-1
Sceneryobjects\DBC_Objects\obj_TL_car3_bar-NEWJOHNCITY.sco
1231327473
1231327473
-1
Sceneryobjects\DBC_Objects\Sign_Street_Med.sco
1379762619
1379762619
-1
Sceneryobjects\DBC_Objects\Sign_Street_StopAW.sco
1379762620
1379762620
-1
Sceneryobjects\Generic\bus_stop.sco
1379762541
1379762541
-1
Sceneryobjects\Generic\people_standing_small.sco
1379762530
1379762530
-1
Sceneryobjects\Generic\routearrow_L.sco
1379762530
1379762530
-1
Sceneryobjects\Generic\routearrow_R.sco
1379762530
1379762530
-1
Sceneryobjects\Generic\routearrows_busstop.sco
1379762541
1379762541
-1
Sceneryobjects\Ruede\forest_backdrop01.sco
1379762544
1379762544
-1
Sceneryobjects\Streetobjects_RUE\DDR_1xPGH-Topf_Wood+Cable.sco
1379762544
1379762544
-1
Sceneryobjects\Trees_MC\fir_medium_03.sco
1379762545
1379762545
-1
Sceneryobjects\Willshire\busstops\busstop.sco
1279374266
1279374266
-1
Splines\ADDON_SimpleStreets\RQ_20_4_spur_15m_narrow_Sidewalk.sli
1048779398
-
-
Splines\ADDON_SimpleStreets\RQ_9,5_2spur_6,5m_Sidewalk.sli
1047206666
-
-
Splines\ADDON_SimpleStreets\RQ_X_2spur_Altonaer_8m.sli
1047606301
-
-
Splines\Ruede\Kabel_holzmast_6m.sli
1379762566
-
-
