Sceneryobjects\ADDON_SimpleStreets\RQ_10,5_Bankett_Crossing.sco
1048004422
1048004422
-1
Sceneryobjects\ADDON_SimpleStreets\RQ_10,5_Busstop_Single.sco
1047941750
1047941750
-1
Sceneryobjects\ADDON_SimpleStreets\RQ_28_Bridge_Connector.sco
1049455261
1049455261
-1
Sceneryobjects\Streetobjects_RUE\sodiumlight_4L_break_L.sco
1379762545
1379762545
-1
Splines\ADDON_SimpleStreets\RQ_20_4_spur_15m_narrow_Sidewalk.sli
1048779398
-
-
Splines\ADDON_SimpleStreets\RQ_28.sli
1048384460
-
-
Splines\ADDON_SimpleStreets\RQ_28_Bridge.sli
1049451693
-
-
