Sceneryobjects\ADDON_SimpleStreets\RQ_10,5_Sidewalk_Bridge_Connector.sco
1049111228
1049111228
-1
Sceneryobjects\ADDON_SimpleStreets\RQ_36_Entry_End.sco
1049830736
1049830736
-1
Sceneryobjects\ADDON_SimpleStreets\RQ_36_Exit_Start.sco
1049830806
1049830806
-1
Sceneryobjects\ADDON_SimpleStreets\RQ_9,5_2spur_6,5m_Sidewalk_busstop_double.sco
1047931421
1047931421
-1
Sceneryobjects\ADDON_SimpleStreets\RQ_9,5_2spur_6,5m_Sidewalk_cross_nobus3.sco
1047931448
1047931448
-1
Sceneryobjects\ADDON_SimpleStreets\RQ_9,5_to_10,5.sco
1047931497
1047931497
-1
Sceneryobjects\Buildings_RUE\Haus03d.sco
1379762530
1379762530
-1
Sceneryobjects\Buildings_RUE\Haus03f.sco
1379762530
1379762530
-1
Sceneryobjects\DBC_Objects\DBC_shrubbery_03_20.sco
1379762617
1379762617
-1
Sceneryobjects\DBC_Objects\DBC_shrubbery_04_10.sco
1379762617
1379762617
-1
Sceneryobjects\DBC_Objects\DBC_shrubbery_04_20.sco
1379762617
1379762617
-1
Sceneryobjects\DBC_Objects\obj_pole_streetside_rear.sco
1379762619
1379762619
-1
Sceneryobjects\DBC_Objects\Sign_Street_StopAW.sco
1379762620
1379762620
-1
Sceneryobjects\Generic\bus_stop.sco
1379762541
1379762541
-1
Sceneryobjects\Generic\fireworks.sco
1379762530
1379762530
-1
Sceneryobjects\Generic\people_standing_small.sco
1379762530
1379762530
-1
Sceneryobjects\Generic\routearrow_dn.sco
1379762541
1379762541
-1
Sceneryobjects\Generic\routearrows_busstop.sco
1379762541
1379762541
-1
Sceneryobjects\Generic\sound_forest.sco
1379762541
1379762541
-1
Sceneryobjects\Ruede\forest_backdrop01.sco
1379762544
1379762544
-1
Sceneryobjects\Streetobjects_RUE\Gaslight_Pole.sco
1379762544
1379762544
-1
Sceneryobjects\Streetobjects_RUE\neonlight_S_wood.sco
1379762560
1379762560
-1
Sceneryobjects\Streetobjects_RUE\sodiumlight_4L_break_L.sco
1379762545
1379762545
-1
Sceneryobjects\Trees_MC\fir_medium_02.sco
1379762560
1379762560
-1
Sceneryobjects\Trees_MC\fir_medium_03.sco
1379762545
1379762545
-1
Sceneryobjects\Willshire\Var4\busstopTTC.sco
1188783536
1188783536
-1
Splines\ADDON_SimpleStreets\RQ_10,5_2spur_7,5m_Sidewalk_Bridge.sli
1049110737
-
-
Splines\ADDON_SimpleStreets\RQ_36.sli
1049828086
-
-
Splines\ADDON_SimpleStreets\RQ_36_EntryExit_Both.sli
1049828512
-
-
Splines\ADDON_SimpleStreets\RQ_9,5_2spur_6,5m_Sidewalk.sli
1047206666
-
-
