Sceneryobjects\ADDON_SimpleStreets\RQ_X8m_2spur_8,0m_Sidewalk_busstop.sco
1047931544
1047931544
-1
Sceneryobjects\ADDON_SimpleStreets\RQ_X8m_2spur_8,0m_Sidewalk_busstop_double.sco
1047943303
1047943303
-1
Sceneryobjects\ADDON_SimpleStreets\RQ_X8m_2spur_8,0m_Sidewalk_cross.sco
1047931556
1047931556
-1
Sceneryobjects\ADDON_SimpleStreets\RQ_X8m_2spur_8,0m_Sidewalk_junct.sco
1047931570
1047931570
-1
Sceneryobjects\Buildings_MC\bw_supermarkt_2.sco
1379762524
1379762524
-1
Sceneryobjects\Buildings_MC\bw_workshop_01.sco
1379762524
1379762524
-1
Sceneryobjects\Buildings_MC\tank_2_esso.sco
1379762539
1379762539
-1
Sceneryobjects\Buildings_RUE\Haus03a.sco
1379762530
1379762530
-1
Sceneryobjects\Buildings_RUE\Haus03b.sco
1379762530
1379762530
-1
Sceneryobjects\Buildings_RUE\Haus03c.sco
1379762530
1379762530
-1
Sceneryobjects\Buildings_RUE\Haus03c2.sco
1379762530
1379762530
-1
Sceneryobjects\Buildings_RUE\Haus03e.sco
1379762530
1379762530
-1
Sceneryobjects\Buildings_RUE\kirche_kath_stmarien.sco
1379762530
1379762530
-1
Sceneryobjects\DBC_Objects\DBC_shrubbery_04_10.sco
1379762617
1379762617
-1
Sceneryobjects\DBC_Objects\DBC_shrubbery_04_20.sco
1379762617
1379762617
-1
Sceneryobjects\DBC_Objects\obj_pole_streetside_rear.sco
1379762619
1379762619
-1
Sceneryobjects\DBC_Objects\Sign_Street_Stop.sco
1379762620
1379762620
-1
Sceneryobjects\DBC_Objects\Sign_Street_StopAW.sco
1379762620
1379762620
-1
Sceneryobjects\Generic\bus_stop.sco
1379762541
1379762541
-1
Sceneryobjects\Generic\car_park.sco
1379762530
1379762530
-1
Sceneryobjects\Generic\people_standing_small.sco
1379762530
1379762530
-1
Sceneryobjects\Generic\routearrow_dn.sco
1379762541
1379762541
-1
Sceneryobjects\Generic\routearrow_L.sco
1379762530
1379762530
-1
Sceneryobjects\Generic\routearrow_R.sco
1379762530
1379762530
-1
Sceneryobjects\Generic\routearrows_busstop.sco
1379762541
1379762541
-1
Sceneryobjects\Kreuz_MC\Kreuz_Altonaer.sco
1379762531
1379762531
-1
Sceneryobjects\NewJohnCity\helper-routearrow_dn.sco
1249092800
1249092800
-1
Sceneryobjects\NewJohnCity\helper-routearrow_L.sco
1249092801
1249092801
-1
Sceneryobjects\NewJohnCity\helper-routearrow_R.sco
1249092802
1249092802
-1
Sceneryobjects\Ruede\forest_backdrop01.sco
1379762544
1379762544
-1
Sceneryobjects\Streetobjects_RUE\DDR_1xPGH-Topf_Wood+Cable.sco
1379762544
1379762544
-1
Sceneryobjects\Streetobjects_RUE\DDR_Pole_doubleWood_cable.sco
1379762544
1379762544
-1
Sceneryobjects\Streetobjects_RUE\sodiumlight_photpump.sco
1379762560
1379762560
-1
Sceneryobjects\Trees_MC\fir_medium_02.sco
1379762560
1379762560
-1
Sceneryobjects\Trees_MC\fir_medium_03.sco
1379762545
1379762545
-1
Sceneryobjects\Willshire\busstops\busstop.sco
1279374266
1279374266
-1
Sceneryobjects\Willshire\Special\nature_cube.sco
1188783533
1188783533
-1
Sceneryobjects\Willshire\Special\StreetSign_1sm_pole.sco
1188783533
1188783533
-1
Sceneryobjects\Willshire\Var3\hst_wartehaus_alt01.sco
1188783536
1188783536
-1
Splines\ADDON_SimpleStreets\RQ_X_2spur_Altonaer_8m.sli
1047606301
-
-
Splines\Marcel\str_2spur_8m_altonaer1.sli
1379762552
-
-
Splines\Ruede\DDR_Zaun_01.sli
1379762554
-
-
Splines\Ruede\Kabel_holzmast_6m.sli
1379762566
-
-
Splines\Ruede\str_2spur_8m_DDR_Bahnstr.sli
1379762554
-
-
Vehicles\DBC_Chicago_Car_10\parked_car10_dump.sco
1379762629
1379762632
-1
Vehicles\DBC_Chicago_Citybus\DBC_Citybus_40LF_parked.sco
1219407928
1219408019
-1
