Sceneryobjects\ADDON_SimpleStreets\RQ_9,5_2spur_6,5m_Sidewalk_busstop.sco
1047931392
1047931392
-1
Sceneryobjects\ADDON_SimpleStreets\RQ_9,5_2spur_6,5m_Sidewalk_busstop_double.sco
1047931421
1047931421
-1
Sceneryobjects\ADDON_SimpleStreets\RQ_9,5_2spur_6,5m_Sidewalk_cross_forbus.sco
1047931437
1047931437
-1
Sceneryobjects\ADDON_SimpleStreets\RQ_9,5_2spur_6,5m_Sidewalk_cross_nobus3.sco
1047931448
1047931448
-1
Sceneryobjects\Buildings_MC\bw_hoch_04.sco
1379762524
1379762524
-1
Sceneryobjects\DBC_Objects\obj_pole_streetside_rear.sco
1379762619
1379762619
-1
Sceneryobjects\DBC_Objects\Sign_Street_StopAW.sco
1379762620
1379762620
-1
Sceneryobjects\Generic\bus_stop.sco
1379762541
1379762541
-1
Sceneryobjects\Generic\entrypoint_bus.sco
1379762552
1379762552
-1
Sceneryobjects\Generic\people_standing_small.sco
1379762530
1379762530
-1
Sceneryobjects\Generic\routearrow_dn.sco
1379762541
1379762541
-1
Sceneryobjects\Generic\routearrow_L.sco
1379762530
1379762530
-1
Sceneryobjects\Generic\routearrow_R.sco
1379762530
1379762530
-1
Sceneryobjects\Generic\routearrows_busstop.sco
1379762541
1379762541
-1
Sceneryobjects\NewJohnCity\busstopSCHOOL.sco
1229291929
1229291929
-1
Sceneryobjects\NewJohnCity\helper-routearrow_R.sco
1249092802
1249092802
-1
Sceneryobjects\Trees_MC\fir_medium_02.sco
1379762560
1379762560
-1
Sceneryobjects\Willshire\Var4\busstopTTC.sco
1188783536
1188783536
-1
Splines\ADDON_SimpleStreets\RQ_9,5_2spur_6,5m_Sidewalk.sli
1047206666
-
-
