Sceneryobjects\ADDON_SimpleStreets\RQ_28_Bridge_Connector.sco
1049455261
1049455261
-1
Sceneryobjects\ADDON_SimpleStreets\RQ_28_From_36.sco
1049830534
1049830534
-1
Sceneryobjects\ADDON_SimpleStreets\RQ_28_To_36.sco
1049830478
1049830478
-1
Sceneryobjects\ADDON_SimpleStreets\RQ_36_Entry_End.sco
1049830736
1049830736
-1
Sceneryobjects\ADDON_SimpleStreets\RQ_36_Entry_Start_Double.sco
1049830894
1049830894
-1
Sceneryobjects\ADDON_SimpleStreets\RQ_36_Exit_End_Double.sco
1049831175
1049831175
-1
Sceneryobjects\ADDON_SimpleStreets\RQ_36_Exit_Start.sco
1049830806
1049830806
-1
Sceneryobjects\Generic\bus_stop.sco
1379762541
1379762541
-1
Sceneryobjects\Generic\routearrow_dn.sco
1379762541
1379762541
-1
Sceneryobjects\Generic\routearrow_R.sco
1379762530
1379762530
-1
Sceneryobjects\NewJohnCity\helper-routearrow_R.sco
1249092802
1249092802
-1
Sceneryobjects\Ruede\forest_backdrop01.sco
1379762544
1379762544
-1
Sceneryobjects\Streetobjects_RUE\sodiumlight_4L_break_L.sco
1379762545
1379762545
-1
Sceneryobjects\Trees_MC\fir_medium_02.sco
1379762560
1379762560
-1
Splines\ADDON_SimpleStreets\RQ_10,5_2spur_7,5m_Oneway.sli
1049453901
-
-
Splines\ADDON_SimpleStreets\RQ_28.sli
1048384460
-
-
Splines\ADDON_SimpleStreets\RQ_28_Bridge.sli
1049451693
-
-
Splines\ADDON_SimpleStreets\RQ_28_EntryExit_Both.sli
1048384578
-
-
Splines\ADDON_SimpleStreets\RQ_36.sli
1049828086
-
-
Splines\ADDON_SimpleStreets\RQ_36_EntryExit_Both.sli
1049828512
-
-
