Sceneryobjects\ADDON_SimpleStreets\RQ_10,5_Bankett_Junction.sco
1115559228
1115559228
-1
Sceneryobjects\ADDON_SimpleStreets\RQ_10,5_Busstop_Single.sco
1047941750
1047941750
-1
Sceneryobjects\ADDON_SimpleStreets\RQ_10,5_Train.sco
1048338508
1048338508
-1
Sceneryobjects\Generic\bus_stop.sco
1379762541
1379762541
-1
Sceneryobjects\Generic\entrypoint_bus.sco
1379762552
1379762552
-1
Sceneryobjects\Generic\people_standing_small.sco
1379762530
1379762530
-1
Sceneryobjects\Generic\routearrow_L.sco
1379762530
1379762530
-1
Sceneryobjects\Generic\routearrows_busstop.sco
1379762541
1379762541
-1
Sceneryobjects\Willshire\busstops\busstop.sco
1279374266
1279374266
-1
Sceneryobjects\Willshire\Var1\busstopTTC.sco
1188783534
1188783534
-1
Splines\ADDON_SimpleStreets\RQ_10,5_2spur_7,5m.sli
1048126500
-
-
Splines\Ruede\rail_concrete_01.sli
1379762554
-
-
