Sceneryobjects\ADDON_SimpleStreets\NJC_RQ_20n_w9,5_Sidew_Crossing-B.sco
1318280492
1318280492
-1
Sceneryobjects\ADDON_SimpleStreets\RQ_9,5_2spur_6,5m_Sidewalk_busstop.sco
1047931392
1047931392
-1
Sceneryobjects\ADDON_SimpleStreets\RQ_9,5_2spur_6,5m_Sidewalk_busstop_double.sco
1047931421
1047931421
-1
Sceneryobjects\ADDON_SimpleStreets\RQ_9,5_2spur_6,5m_Sidewalk_junct_forbus.sco
1047931459
1047931459
-1
Sceneryobjects\ADDON_SimpleStreets\RQ_9,5_to_X8.sco
1047931501
1047931501
-1
Sceneryobjects\ADDON_SimpleStreets\RQ_X8m_2spur_8,0m_Sidewalk_busstop.sco
1047931544
1047931544
-1
Sceneryobjects\ADDON_SimpleStreets\RQ_X8m_2spur_8,0m_Sidewalk_junct.sco
1047931570
1047931570
-1
Sceneryobjects\Buildings_DDR_RUE\DDR_ConcreteBarracks70-2.sco
1379762523
1379762523
-1
Sceneryobjects\Buildings_DDR_RUE\DDR_Falkensee_Schlosserei.sco
1379762523
1379762523
-1
Sceneryobjects\Buildings_DDR_RUE\DDR_Industrial_01.sco
1379762523
1379762523
-1
Sceneryobjects\Buildings_DDR_RUE\DDR_Stadthalle_Falkensee.sco
1379762523
1379762523
-1
Sceneryobjects\Buildings_DDR_RUE\DDR_Storage_01.sco
1379762523
1379762523
-1
Sceneryobjects\Buildings_DDR_RUE\DDR_Storage_02.sco
1379762523
1379762523
-1
Sceneryobjects\Buildings_MC\bw_business_01B.sco
1379762524
1379762524
-1
Sceneryobjects\Buildings_MC\bw_hall_grey_1.sco
1379762524
1379762524
-1
Sceneryobjects\Buildings_MC\bw_hoch_23D.sco
1379762524
1379762524
-1
Sceneryobjects\Buildings_MC\bw_secondhandcars.sco
1379762524
1379762524
-1
Sceneryobjects\Buildings_MC\bw_wkrank_C.sco
1379762524
1379762524
-1
Sceneryobjects\Buildings_MC\oth_elek_1.sco
1379762525
1379762525
-1
Sceneryobjects\Buildings_MC\park_5.sco
1379762539
1379762539
-1
Sceneryobjects\Buildings_MC\tank_2_aral.sco
1379762525
1379762525
-1
Sceneryobjects\Buildings_RUE\Haus03a.sco
1379762530
1379762530
-1
Sceneryobjects\Buildings_RUE\Haus03b.sco
1379762530
1379762530
-1
Sceneryobjects\Buildings_RUE\Haus03c.sco
1379762530
1379762530
-1
Sceneryobjects\Buildings_RUE\Haus03c2.sco
1379762530
1379762530
-1
Sceneryobjects\Buildings_RUE\Haus03e.sco
1379762530
1379762530
-1
Sceneryobjects\DBC_Objects\NEWJOHNCITY_busstop_hut.sco
1227530861
1227530861
-1
Sceneryobjects\DBC_Objects\obj_att_rod_short.sco
1379762619
1379762619
-1
Sceneryobjects\DBC_Objects\obj_pole_streetside_rear.sco
1379762619
1379762619
-1
Sceneryobjects\DBC_Objects\obj_streetlight_bend.sco
1379762619
1379762619
-1
Sceneryobjects\DBC_Objects\obj_streetlight_bend_double.sco
1379762619
1379762619
-1
Sceneryobjects\DBC_Objects\obj_TL_car3_bar-NEWJOHNCITY.sco
1231327473
1231327473
-1
Sceneryobjects\DBC_Objects\Sign_Street_Med.sco
1379762619
1379762619
-1
Sceneryobjects\DBC_Objects\Sign_Street_Stop.sco
1379762620
1379762620
-1
Sceneryobjects\DBC_Objects\Sign_Street_StopAW.sco
1379762620
1379762620
-1
Sceneryobjects\DBC_Objects\Sign_Street_Yield.sco
1379762620
1379762620
-1
Sceneryobjects\DBC_Objects\Sign_Street_YieldToPed.sco
1379762620
1379762620
-1
Sceneryobjects\Generic\bus_stop.sco
1379762541
1379762541
-1
Sceneryobjects\Generic\car_park.sco
1379762530
1379762530
-1
Sceneryobjects\Generic\people_standing_small.sco
1379762530
1379762530
-1
Sceneryobjects\Generic\routearrow_dn.sco
1379762541
1379762541
-1
Sceneryobjects\Generic\routearrow_L.sco
1379762530
1379762530
-1
Sceneryobjects\Generic\routearrow_R.sco
1379762530
1379762530
-1
Sceneryobjects\Generic\routearrows_busstop.sco
1379762541
1379762541
-1
Sceneryobjects\NewJohnCity\helper-routearrow_dn.sco
1249092800
1249092800
-1
Sceneryobjects\NewJohnCity\helper-routearrow_L.sco
1249092801
1249092801
-1
Sceneryobjects\NewJohnCity\helper-routearrow_R.sco
1249092802
1249092802
-1
Sceneryobjects\NewJohnCity\sign-40kmh.sco
1227535217
1227535217
-1
Sceneryobjects\NewJohnCity\sign-end.sco
1229355484
1229355484
-1
Sceneryobjects\Ruede\forest_backdrop01.sco
1379762544
1379762544
-1
Sceneryobjects\Streetobjects_RUE\DDR_1xPGH-Topf_Wood+Cable.sco
1379762544
1379762544
-1
Sceneryobjects\Streetobjects_RUE\DDR_Pole_Beton_cable.sco
1379762544
1379762544
-1
Sceneryobjects\Streetobjects_RUE\LBL-Tropfen_5.sco
1379762560
1379762560
-1
Sceneryobjects\Trees_MC\fir_medium_02.sco
1379762560
1379762560
-1
Sceneryobjects\Trees_MC\fir_medium_03.sco
1379762545
1379762545
-1
Sceneryobjects\Trees_MC\shrubbery_03_10.sco
1379762545
1379762545
-1
Sceneryobjects\Trees_MC\shrubbery_03_20.sco
1379762560
1379762560
-1
Sceneryobjects\Verkehrszeichen_MC\VZ_surfmark_arrow_L.sco
1379762562
1379762562
-1
Sceneryobjects\Verkehrszeichen_MC\VZ_surfmark_arrow_R.sco
1379762546
1379762546
-1
Sceneryobjects\Willshire\busstops\busstop.sco
1279374266
1279374266
-1
Sceneryobjects\Willshire\Var1\Richtungstafel.sco
1188783534
1188783534
-1
Splines\ADDON_SimpleStreets\RQ_20_4_spur_15m_narrow_Sidewalk.sli
1048779398
-
-
Splines\ADDON_SimpleStreets\RQ_20_4_spur_15m_narrow_Sidewalk_wide.sli
1109675008
-
-
Splines\ADDON_SimpleStreets\RQ_9,5_2spur_6,5m_Sidewalk.sli
1047206666
-
-
Splines\Marcel\str_2spur_8m_altonaer1.sli
1379762552
-
-
Splines\Ruede\DDR_Zaun_01.sli
1379762554
-
-
Splines\Ruede\Kabel_holzmast_6m.sli
1379762566
-
-
Vehicles\DBC_Chicago_Car_10\parked_car10.sco
1379762628
1379762628
-1
Vehicles\DBC_Chicago_Car_10\parked_car10_dump.sco
1379762629
1379762632
-1
