Sceneryobjects\ADDON_SimpleStreets\RQ_20n_Busstop001.sco
1052989671
1052989671
-1
Sceneryobjects\ADDON_SimpleStreets\RQ_20n_w9,5_Sidew_Junct.sco
1049106226
1049106226
-1
Sceneryobjects\ADDON_SimpleStreets\RQ_9,5_2spur_6,5m_Sidewalk_busstop_double.sco
1047931421
1047931421
-1
Sceneryobjects\ADDON_SimpleStreets\RQ_9,5_2spur_6,5m_Sidewalk_cross_nobus2.sco
1047931445
1047931445
-1
Sceneryobjects\ashleytayles\NJC-4lanes_junction-grantown.sco
1320443379
1320443379
-1
Sceneryobjects\Buildings_MC\bw_70s_01C.sco
1379762531
1379762531
-1
Sceneryobjects\Buildings_MC\tank_2_bp.sco
1379762528
1379762528
-1
Sceneryobjects\Daytonford\RQ_20n_Busstop001.sco
1053004007
1053004007
-1
Sceneryobjects\Daytonford\RQ_20n_w9,5_Sidew_Junct.sco
1049120562
1049120562
-1
Sceneryobjects\DBC_Objects\NEWJOHNCITY_busstop_hut.sco
1227530861
1227530861
-1
Sceneryobjects\DBC_Objects\obj_att_rod_med.sco
1379762619
1379762619
-1
Sceneryobjects\DBC_Objects\obj_streetlight_bend.sco
1379762619
1379762619
-1
Sceneryobjects\DBC_Objects\obj_TL_car3_bar-NEWJOHNCITY.sco
1231327473
1231327473
-1
Sceneryobjects\DBC_Objects\obj_TL_ped_rear.sco
1379762619
1379762619
-1
Sceneryobjects\DBC_Objects\Sign_Street_Med.sco
1379762619
1379762619
-1
Sceneryobjects\Generic\bus_stop.sco
1379762541
1379762541
-1
Sceneryobjects\Generic\entrypoint_bus.sco
1379762552
1379762552
-1
Sceneryobjects\Generic\people_standing_small.sco
1379762530
1379762530
-1
Sceneryobjects\Generic\routearrow_dn.sco
1379762541
1379762541
-1
Sceneryobjects\Generic\routearrow_L.sco
1379762530
1379762530
-1
Sceneryobjects\Generic\routearrow_R.sco
1379762530
1379762530
-1
Sceneryobjects\Generic\routearrows_busstop.sco
1379762541
1379762541
-1
Sceneryobjects\NewJohnCity\helper-routearrow_L.sco
1249092801
1249092801
-1
Sceneryobjects\NewJohnCity\helper-routearrow_R.sco
1249092802
1249092802
-1
Sceneryobjects\Ruede\forest_backdrop01.sco
1379762544
1379762544
-1
Sceneryobjects\Trees_MC\fir_medium_02.sco
1379762560
1379762560
-1
Sceneryobjects\Trees_MC\shrubbery_03_20.sco
1379762560
1379762560
-1
Sceneryobjects\Willshire\Var1\busstopTTC.sco
1188783534
1188783534
-1
Sceneryobjects\Willshire\Var3\busstopTTC.sco
1188783536
1188783536
-1
Sceneryobjects\Willshire\Var4\busstopTTC.sco
1188783536
1188783536
-1
Splines\ADDON_SimpleStreets\RQ_20_4_spur_15m_narrow_Sidewalk.sli
1048779398
-
-
Splines\ADDON_SimpleStreets\RQ_9,5_2spur_6,5m_Sidewalk.sli
1047206666
-
-
Splines\Daytonford\RQ_20_4_spur_15m_narrow_Sidewalk.sli
1048795781
-
-
Splines\Daytonford\RQ_9,5_2spur_6,5m_Sidewalk.sli
1047223049
-
-
