Sceneryobjects\ADDON_SimpleStreets\RQ_10,5_Splitter.sco
1048921225
1048921225
-1
Sceneryobjects\ADDON_SimpleStreets\RQ_10,5_to_15,5_Start.sco
1047932137
1047932137
-1
Sceneryobjects\ADDON_SimpleStreets\RQ_15,5_3spur_11,5m_Sidewalk_cross.sco
1048079727
1048079727
-1
Sceneryobjects\ADDON_SimpleStreets\RQ_20n_Busstop001.sco
1052989671
1052989671
-1
Sceneryobjects\ADDON_SimpleStreets\RQ_20n_w9,5_SideWide_Junct_A.sco
1115556695
1115556695
-1
Sceneryobjects\ADDON_SimpleStreets\RQ_28_Bridge_EntryExit_Connector.sco
1049455334
1049455334
-1
Sceneryobjects\ADDON_SimpleStreets\RQ_28_Entry_Start.sco
1048925929
1048925929
-1
Sceneryobjects\ADDON_SimpleStreets\RQ_28_Exit_End.sco
1048926040
1048926040
-1
Sceneryobjects\ADDON_SimpleStreets\RQ_X8m_to_15,5_Start.sco
1047931632
1047931632
-1
Sceneryobjects\ADDON_SimpleStreets\StrandbahnhofHst.sco
1052991352
1052991352
-1
Sceneryobjects\DBC_Objects\obj_att_rod_short.sco
1379762619
1379762619
-1
Sceneryobjects\DBC_Objects\obj_pole_large.sco
1379762619
1379762619
-1
Sceneryobjects\DBC_Objects\Sign_Street_Med.sco
1379762619
1379762619
-1
Sceneryobjects\Generic\bus_stop.sco
1379762541
1379762541
-1
Sceneryobjects\Willshire\Buildings\bw_secondhandcars.sco
1188783532
1188783532
-1
Splines\ADDON_SimpleStreets\RQ_10,5_1spur.sli
1048344833
-
-
Splines\ADDON_SimpleStreets\RQ_10,5_2spur_7,5m_Sidewalk.sli
1047295100
-
-
Splines\ADDON_SimpleStreets\RQ_15,5_2spur_11,5m_Sidewalk.sli
1047604021
-
-
Splines\ADDON_SimpleStreets\RQ_20_4_spur_15m_narrow_Sidewalk.sli
1048779398
-
-
Splines\ADDON_SimpleStreets\RQ_20_4_spur_15m_narrow_Sidewalk_wide.sli
1109675008
-
-
Splines\ADDON_SimpleStreets\RQ_28.sli
1048384460
-
-
Splines\ADDON_SimpleStreets\RQ_28_EntryExit_Both.sli
1048384578
-
-
Splines\ADDON_SimpleStreets\RQ_28_EntryExit_Both_Bridge.sli
1049451034
-
-
Splines\ADDON_SimpleStreets\RQ_X_2spur_Altonaer_8m.sli
1047606301
-
-
Sceneryobjects\DBC_Objects\obj_pole_streetside_rear.sco
1379762619
1379762619
-1
Sceneryobjects\DBC_Objects\obj_TL_car3_bar-NEWJOHNCITY.sco
1231327473
1231327473
-1
Sceneryobjects\Generic\entrypoint_bus.sco
1379762552
1379762552
-1
Sceneryobjects\Generic\people_standing_small.sco
1379762530
1379762530
-1
Sceneryobjects\Generic\routearrow_L.sco
1379762530
1379762530
-1
Sceneryobjects\Generic\routearrow_R.sco
1379762530
1379762530
-1
Sceneryobjects\Generic\routearrows_busstop.sco
1379762541
1379762541
-1
Sceneryobjects\NewJohnCity\helper-routearrow_dn.sco
1249092800
1249092800
-1
Sceneryobjects\NewJohnCity\sign-100kmh.sco
1227534860
1227534860
-1
Sceneryobjects\Streetobjects_RUE\LBL-Tropfen_5.sco
1379762560
1379762560
-1
Sceneryobjects\Willshire\Var1\Busstop.sco
1188783534
1188783534
-1
