Sceneryobjects\ADDON_SimpleStreets\RQ_10,5_Bridge_Connector.sco
1048861164
1048861164
-1
Sceneryobjects\ADDON_SimpleStreets\RQ_10,5_Entry.sco
1048345757
1048345757
-1
Sceneryobjects\ADDON_SimpleStreets\RQ_10,5_Exit.sco
1048345890
1048345890
-1
Sceneryobjects\ADDON_SimpleStreets\RQ_10,5_SingleSplitter2to1.sco
1051992436
1051992436
-1
Sceneryobjects\ADDON_SimpleStreets\RQ_20n_Busstop001.sco
1052989671
1052989671
-1
Sceneryobjects\ADDON_SimpleStreets\RQ_28_Bridge_EntryExit_Connector.sco
1049455334
1049455334
-1
Sceneryobjects\ADDON_SimpleStreets\RQ_28_Entry_Start.sco
1048925929
1048925929
-1
Sceneryobjects\ADDON_SimpleStreets\RQ_28_EntryExit_Straight.sco
1048925971
1048925971
-1
Sceneryobjects\ADDON_SimpleStreets\RQ_28_Exit_End.sco
1048926040
1048926040
-1
Sceneryobjects\ADDON_SimpleStreets\RQ_28_Exit_Start.sco
1048926240
1048926240
-1
Sceneryobjects\DBC_Objects\NEWJOHNCITY_busstop_hut.sco
1227530861
1227530861
-1
Sceneryobjects\DBC_Objects\obj_streetlight_bend.sco
1379762619
1379762619
-1
Sceneryobjects\Generic\bus_stop.sco
1379762541
1379762541
-1
Sceneryobjects\Generic\people_standing_small.sco
1379762530
1379762530
-1
Sceneryobjects\Generic\routearrow_R.sco
1379762530
1379762530
-1
Sceneryobjects\Generic\routearrows_busstop.sco
1379762541
1379762541
-1
Sceneryobjects\Streetobjects_RUE\sodiumlight_4L_break_L.sco
1379762545
1379762545
-1
Sceneryobjects\Willshire\busstops\busstop.sco
1279374266
1279374266
-1
Sceneryobjects\Willshire\Var4\busstopTTC.sco
1188783536
1188783536
-1
Splines\ADDON_SimpleStreets\RQ_10,5_1spur _forward.sli
1056472406
-
-
Splines\ADDON_SimpleStreets\RQ_10,5_1spur.sli
1048344833
-
-
Splines\ADDON_SimpleStreets\RQ_10,5_2spur_7,5m.sli
1048126500
-
-
Splines\ADDON_SimpleStreets\RQ_10,5_2spur_7,5m_Bridge.sli
1048136918
-
-
Splines\ADDON_SimpleStreets\RQ_20_4_spur_15m_narrow_Sidewalk.sli
1048779398
-
-
Splines\ADDON_SimpleStreets\RQ_28.sli
1048384460
-
-
Splines\ADDON_SimpleStreets\RQ_28_EntryExit_Both.sli
1048384578
-
-
Splines\ADDON_SimpleStreets\RQ_28_EntryExit_Both_Bridge.sli
1049451034
-
-
