Sceneryobjects\ashleytayles\4lanes_junction.sco
1112694418
1112694418
-1
Sceneryobjects\DBC_Objects\obj_att_rod_med.sco
1379762619
1379762619
-1
Sceneryobjects\DBC_Objects\obj_att_rod_short.sco
1379762619
1379762619
-1
Sceneryobjects\DBC_Objects\obj_pole_large.sco
1379762619
1379762619
-1
Sceneryobjects\DBC_Objects\obj_TL_car3_bar-NEWJOHNCITY.sco
1231327473
1231327473
-1
Sceneryobjects\DBC_Objects\Sign_Street_Med.sco
1379762619
1379762619
-1
Sceneryobjects\Generic\bus_stop.sco
1379762541
1379762541
-1
Sceneryobjects\Generic\people_standing_small.sco
1379762530
1379762530
-1
Sceneryobjects\Generic\routearrows_busstop.sco
1379762541
1379762541
-1
Sceneryobjects\Streetobjects_RUE\neonlight_L_bend_L.sco
1379762545
1379762545
-1
Sceneryobjects\Willshire\Var1\Busstop_LargeName_Timetable_1.sco
1188783534
1188783534
-1
Splines\ADDON_SimpleStreets\RQ_20_4_spur_15m_narrow_Sidewalk.sli
1048779398
-
-
