Sceneryobjects\ADDON_SimpleStreets\RQ_9,5_2spur_6,5m_Sidewalk_busstop.sco
1047931392
1047931392
-1
Sceneryobjects\ADDON_SimpleStreets\RQ_9,5_2spur_6,5m_Sidewalk_cross_forbus.sco
1047931437
1047931437
-1
Sceneryobjects\ADDON_SimpleStreets\RQ_9,5_2spur_6,5m_Sidewalk_cross_nobus2.sco
1047931445
1047931445
-1
Sceneryobjects\ADDON_SimpleStreets\RQ_9,5_2spur_6,5m_Sidewalk_cross_nobus3.sco
1047931448
1047931448
-1
Sceneryobjects\Buildings_DDR_RUE\DDR_Barn_05.sco
1379762523
1379762523
-1
Sceneryobjects\Buildings_MC\bw_kinder1.sco
1379762537
1379762537
-1
Sceneryobjects\Buildings_MC\oth_elek_1.sco
1379762525
1379762525
-1
Sceneryobjects\Buildings_RUE\Haus03a.sco
1379762530
1379762530
-1
Sceneryobjects\Buildings_RUE\Haus03b.sco
1379762530
1379762530
-1
Sceneryobjects\Buildings_RUE\Haus03c.sco
1379762530
1379762530
-1
Sceneryobjects\Buildings_RUE\Haus03c2.sco
1379762530
1379762530
-1
Sceneryobjects\Buildings_RUE\Haus03e.sco
1379762530
1379762530
-1
Sceneryobjects\DBC_Objects\NEWJOHNCITY_busstop_hut.sco
1227530861
1227530861
-1
Sceneryobjects\DBC_Objects\obj_pole_streetside_rear.sco
1379762619
1379762619
-1
Sceneryobjects\DBC_Objects\Sign_Street_StopAW.sco
1379762620
1379762620
-1
Sceneryobjects\Generic\bus_stop.sco
1379762541
1379762541
-1
Sceneryobjects\Generic\car_park.sco
1379762530
1379762530
-1
Sceneryobjects\Generic\people_standing_small.sco
1379762530
1379762530
-1
Sceneryobjects\Generic\routearrow_dn.sco
1379762541
1379762541
-1
Sceneryobjects\Generic\routearrow_L.sco
1379762530
1379762530
-1
Sceneryobjects\Generic\routearrow_R.sco
1379762530
1379762530
-1
Sceneryobjects\Generic\routearrows_busstop.sco
1379762541
1379762541
-1
Sceneryobjects\NewJohnCity\highwayneighbourhood.sco
1229896457
1229896457
-1
Sceneryobjects\NewJohnCity\sign-40kmh.sco
1227535217
1227535217
-1
Sceneryobjects\Ruede\forest_backdrop01.sco
1379762544
1379762544
-1
Sceneryobjects\Streetobjects_RUE\DDR_1xPGH-Topf_Wood+Cable.sco
1379762544
1379762544
-1
Sceneryobjects\Streetobjects_RUE\DDR_Pole_doubleWood_cable.sco
1379762544
1379762544
-1
Sceneryobjects\Streetobjects_RUE\LBL-Tropfen_3.sco
1379762544
1379762544
-1
Sceneryobjects\Trees_MC\fir_medium_02.sco
1379762560
1379762560
-1
Sceneryobjects\Trees_MC\shrubbery_01_05.sco
1379762545
1379762545
-1
Sceneryobjects\Trees_MC\shrubbery_03_05.sco
1379762545
1379762545
-1
Sceneryobjects\Trees_MC\shrubbery_03_10.sco
1379762545
1379762545
-1
Sceneryobjects\Trees_MC\shrubbery_03_20.sco
1379762560
1379762560
-1
Sceneryobjects\Willshire\busstops\busstop.sco
1279374266
1279374266
-1
Sceneryobjects\Willshire\Special\StreetSign_1_pole.sco
1188783533
1188783533
-1
Splines\ADDON_SimpleStreets\RQ_9,5_2spur_6,5m_Sidewalk.sli
1047206666
-
-
Splines\Ruede\Kabel_holzmast_6m.sli
1379762566
-
-
Vehicles\DBC_Chicago_Car_10\parked_car10_dump.sco
1379762629
1379762632
-1
Vehicles\DBC_Chicago_Car_10\parked_car10_trash.sco
1379762628
1379762628
-1
