Sceneryobjects\ADDON_SimpleStreets\RQ_X8_to_X11_Seeburger.sco
1047931537
1047931537
-1
Sceneryobjects\Buildings_DDR_RUE\DDR_Industrial_01.sco
1379762523
1379762523
-1
Sceneryobjects\Buildings_MC\buro_01.sco
1379762537
1379762537
-1
Sceneryobjects\Buildings_MC\bw_70s_05A.sco
1379762531
1379762531
-1
Sceneryobjects\Buildings_MC\bw_business_01B.sco
1379762524
1379762524
-1
Sceneryobjects\Buildings_MC\bw_hoch_23D.sco
1379762524
1379762524
-1
Sceneryobjects\Buildings_MC\bw_row50s_08.sco
1379762524
1379762524
-1
Sceneryobjects\Buildings_MC\bw_row80s_05.sco
1379762524
1379762524
-1
Sceneryobjects\Buildings_MC\bw_rowold_05.sco
1379762537
1379762537
-1
Sceneryobjects\Buildings_MC\bw_rowold_06.sco
1379762524
1379762524
-1
Sceneryobjects\Buildings_MC\bw_rowold_48.sco
1379762532
1379762532
-1
Sceneryobjects\Buildings_MC\bw_rowold_52.sco
1379762524
1379762524
-1
Sceneryobjects\Buildings_MC\bw_rowold_53.sco
1379762524
1379762524
-1
Sceneryobjects\Buildings_MC\bw_rowold_54.sco
1379762524
1379762524
-1
Sceneryobjects\Buildings_MC\bw_rowold_57.sco
1379762524
1379762524
-1
Sceneryobjects\Buildings_MC\bw_rowold_sm_05.sco
1379762524
1379762524
-1
Sceneryobjects\Buildings_MC\oth_elek_1.sco
1379762525
1379762525
-1
Sceneryobjects\Buildings_MC\park_5.sco
1379762539
1379762539
-1
Sceneryobjects\Buildings_MC\schul_freiherr.sco
1379762525
1379762525
-1
Sceneryobjects\Buildings_RUE\Ladenzeile.sco
1379762530
1379762530
-1
Sceneryobjects\DBC_Objects\NEWJOHNCITY_busstop_hut.sco
1227530861
1227530861
-1
Sceneryobjects\DBC_Objects\obj_att_rod_short.sco
1379762619
1379762619
-1
Sceneryobjects\DBC_Objects\obj_pole_med.sco
1379762619
1379762619
-1
Sceneryobjects\DBC_Objects\obj_pole_streetside_rear.sco
1379762619
1379762619
-1
Sceneryobjects\DBC_Objects\obj_streetlight_bend.sco
1379762619
1379762619
-1
Sceneryobjects\DBC_Objects\obj_TL_car3_bar-NEWJOHNCITY.sco
1231327473
1231327473
-1
Sceneryobjects\DBC_Objects\obj_TL_ped_side.sco
1379762619
1379762619
-1
Sceneryobjects\DBC_Objects\Sign_Street_Med.sco
1379762619
1379762619
-1
Sceneryobjects\DBC_Objects\Sign_Street_Stop.sco
1379762620
1379762620
-1
Sceneryobjects\Generic\bus_stop.sco
1379762541
1379762541
-1
Sceneryobjects\Generic\car_park.sco
1379762530
1379762530
-1
Sceneryobjects\Generic\people_standing_small.sco
1379762530
1379762530
-1
Sceneryobjects\Generic\routearrow_dn.sco
1379762541
1379762541
-1
Sceneryobjects\Generic\routearrows_busstop.sco
1379762541
1379762541
-1
Sceneryobjects\Kreuz_MC\Einm_See_Paewesiner.sco
1379762541
1379762541
-1
Sceneryobjects\Kreuz_MC\Kreuz_See_Elsflether.sco
1379762542
1379762542
-1
Sceneryobjects\Ruede\forest_backdrop01.sco
1379762544
1379762544
-1
Sceneryobjects\Streetobjects_MC\parkbench_1.sco
1379762544
1379762544
-1
Sceneryobjects\Streetobjects_RUE\DDR_1xPGH-Topf_Wood+Cable.sco
1379762544
1379762544
-1
Sceneryobjects\Streetobjects_RUE\DDR_Pole_doubleWood_cable.sco
1379762544
1379762544
-1
Sceneryobjects\Streetobjects_RUE\DDR_Pole_Wood_cable.sco
1379762544
1379762544
-1
Sceneryobjects\Streetobjects_RUE\sodiumlight_photpump.sco
1379762560
1379762560
-1
Sceneryobjects\Streetobjects_RUE\Taxistand.sco
1379762545
1379762545
-1
Sceneryobjects\Streetobjects_RUE\Uhrenwuerfel.sco
1379762545
1379762545
-1
Sceneryobjects\Trees_MC\fir_medium_02.sco
1379762560
1379762560
-1
Sceneryobjects\Trees_MC\fir_medium_03.sco
1379762545
1379762545
-1
Sceneryobjects\Trees_MC\shrubbery_04_20.sco
1379762545
1379762545
-1
Sceneryobjects\Trees_MC\ShrubberyBox_01.sco
1379762545
1379762545
-1
Sceneryobjects\Willshire\Special\city_cube.sco
1188783533
1188783533
-1
Sceneryobjects\Willshire\Special\market_cube.sco
1188783533
1188783533
-1
Sceneryobjects\Willshire\Special\StreetSign_1_pole.sco
1188783533
1188783533
-1
Sceneryobjects\Willshire\Var1\Busstop_LargeName_Timetable_1.sco
1188783534
1188783534
-1
Sceneryobjects\Willshire\Var4\busstopTTC.sco
1188783536
1188783536
-1
Splines\ADDON_SimpleStreets\RQ_X_2spur_Altonaer_8m.sli
1047606301
-
-
Splines\Marcel\str_2spur_11m_SeeburgerStr1.sli
1379762552
-
-
Splines\Marcel\str_2spur_8m_altonaer1.sli
1379762552
-
-
Splines\Marcel\str_2spur_8m_borkumer1.sli
1379762552
-
-
Splines\Ruede\DDR_Zaun_01.sli
1379762554
-
-
Splines\Ruede\Kabel_holzmast_6m.sli
1379762566
-
-
Vehicles\DBC_Chicago_Car_7\car7_police_parked.sco
1379762629
1379762629
-1
Vehicles\DBC_Chicago_Car_7\car7_taxi1_parked.sco
1379762634
1379762629
-1
Vehicles\DBC_Chicago_Car_7\car7_taxi2_parked.sco
1379762629
1379762627
-1
Vehicles\DBC_Chicago_Car_9\parked_car9.sco
1379762629
1379762629
-1
