Sceneryobjects\ADDON_SimpleStreets\RQ_10,5_Bridge_Connector_Oneway_TO.sco
1049455617
1049455617
-1
Sceneryobjects\ADDON_SimpleStreets\RQ_28_EntryExit_Straight.sco
1048925971
1048925971
-1
Sceneryobjects\ADDON_SimpleStreets\RQ_36_Entry_Start_Double.sco
1049830894
1049830894
-1
Sceneryobjects\ADDON_SimpleStreets\RQ_36_EntryExit_Straight.sco
1049831017
1049831017
-1
Sceneryobjects\ADDON_SimpleStreets\RQ_36_Exit_End_Double.sco
1049831175
1049831175
-1
Splines\ADDON_SimpleStreets\RQ_10,5_2spur_7,5m_Bridge_Oneway.sli
1049455676
-
-
Splines\ADDON_SimpleStreets\RQ_10,5_2spur_7,5m_Oneway.sli
1049453901
-
-
Splines\ADDON_SimpleStreets\RQ_28.sli
1048384460
-
-
Splines\ADDON_SimpleStreets\RQ_36_EntryExit_Both.sli
1049828512
-
-
