Sceneryobjects\ADDON_SimpleStreets\RQ_10,5_Splitter.sco
1048921225
1048921225
-1
Sceneryobjects\ADDON_SimpleStreets\RQ_20n_w9,5_Sidew_Crossing.sco
1049105935
1049105935
-1
Sceneryobjects\ADDON_SimpleStreets\RQ_28_Bridge_Connector.sco
1049455261
1049455261
-1
Sceneryobjects\ADDON_SimpleStreets\RQ_28_Entry_End.sco
1048925879
1048925879
-1
Sceneryobjects\ADDON_SimpleStreets\RQ_28_Entry_Start.sco
1048925929
1048925929
-1
Sceneryobjects\ADDON_SimpleStreets\RQ_28_Exit_End.sco
1048926040
1048926040
-1
Sceneryobjects\ADDON_SimpleStreets\RQ_28_Exit_Start.sco
1048926240
1048926240
-1
Sceneryobjects\ADDON_SimpleStreets\RQ_28_Half_From_10,5.sco
1049454945
1049454945
-1
Sceneryobjects\ADDON_SimpleStreets\RQ_28_Half_TO_10,5.sco
1049454949
1049454949
-1
Splines\ADDON_SimpleStreets\RQ_10,5_1spur _forward.sli
1056472406
-
-
Splines\ADDON_SimpleStreets\RQ_20_4_spur_15m_narrow_Sidewalk.sli
1048779398
-
-
Splines\ADDON_SimpleStreets\RQ_28.sli
1048384460
-
-
Splines\ADDON_SimpleStreets\RQ_28_Bridge.sli
1049451693
-
-
Splines\ADDON_SimpleStreets\RQ_28_EntryExit_Both.sli
1048384578
-
-
