Sceneryobjects\ADDON_SimpleStreets\RQ_10,5_Bridge_Connector.sco
1048861164
1048861164
-1
Sceneryobjects\ADDON_SimpleStreets\RQ_10,5_Busstop_Double.sco
1047942831
1047942831
-1
Sceneryobjects\ADDON_SimpleStreets\RQ_10,5_Entry.sco
1048345757
1048345757
-1
Sceneryobjects\ADDON_SimpleStreets\RQ_10,5_Exit.sco
1048345890
1048345890
-1
Sceneryobjects\ADDON_SimpleStreets\RQ_20n_w9,5_Sidew_Junct.sco
1049106226
1049106226
-1
Sceneryobjects\ADDON_SimpleStreets\RQ_9,5_2spur_6,5m_Sidewalk_busstop_double.sco
1047931421
1047931421
-1
Sceneryobjects\ADDON_SimpleStreets\RQ_9,5_2spur_6,5m_Sidewalk_cross_nobus2.sco
1047931445
1047931445
-1
Sceneryobjects\ADDON_SimpleStreets\RQ_9,5_to_10,5.sco
1047931497
1047931497
-1
Sceneryobjects\ADDON_SimpleStreets\RQ_9,5_to_X8.sco
1047931501
1047931501
-1
Sceneryobjects\ADDON_SimpleStreets\RQ_X8m_2spur_8,0m_Sidewalk_busstop.sco
1047931544
1047931544
-1
Sceneryobjects\DBC_Objects\NEWJOHNCITY_busstop_hut.sco
1227530861
1227530861
-1
Sceneryobjects\DBC_Objects\obj_att_rod_med.sco
1379762619
1379762619
-1
Sceneryobjects\DBC_Objects\obj_streetlight_bend.sco
1379762619
1379762619
-1
Sceneryobjects\DBC_Objects\obj_TL_car3_bar-NEWJOHNCITY.sco
1231327473
1231327473
-1
Sceneryobjects\DBC_Objects\Sign_Street_Med.sco
1379762619
1379762619
-1
Sceneryobjects\Generic\bus_stop.sco
1379762541
1379762541
-1
Sceneryobjects\Generic\people_standing_small.sco
1379762530
1379762530
-1
Sceneryobjects\Generic\routearrow_dn.sco
1379762541
1379762541
-1
Sceneryobjects\Generic\routearrow_L.sco
1379762530
1379762530
-1
Sceneryobjects\Generic\routearrow_R.sco
1379762530
1379762530
-1
Sceneryobjects\Generic\routearrows_busstop.sco
1379762541
1379762541
-1
Sceneryobjects\Streetobjects_RUE\sodiumlight_photpump.sco
1379762560
1379762560
-1
Sceneryobjects\Trees_MC\fir_medium_02.sco
1379762560
1379762560
-1
Sceneryobjects\Willshire\busstops\busstop.sco
1279374266
1279374266
-1
Sceneryobjects\Willshire\Var4\busstopTTC.sco
1188783536
1188783536
-1
Splines\ADDON_SimpleStreets\RQ_10,5_1spur _forward.sli
1056472406
-
-
Splines\ADDON_SimpleStreets\RQ_10,5_2spur_7,5m.sli
1048126500
-
-
Splines\ADDON_SimpleStreets\RQ_10,5_2spur_7,5m_Bridge.sli
1048136918
-
-
Splines\ADDON_SimpleStreets\RQ_20_4_spur_15m_narrow_Sidewalk.sli
1048779398
-
-
Splines\ADDON_SimpleStreets\RQ_9,5_2spur_6,5m_Sidewalk.sli
1047206666
-
-
Splines\ADDON_SimpleStreets\RQ_X_2spur_Altonaer_8m.sli
1047606301
-
-
