Sceneryobjects\ADDON_SimpleStreets\NJC-RQ_20n_w9,5_SideWide_CrossOne.sco
1318234809
1318234809
-1
Sceneryobjects\ADDON_SimpleStreets\RQ_20n_w9,5_Sidew_Crossing.sco
1049105935
1049105935
-1
Sceneryobjects\ADDON_SimpleStreets\RQ_28_Bridge_Connector.sco
1049455261
1049455261
-1
Sceneryobjects\ADDON_SimpleStreets\RQ_36_Entry_Start_Double.sco
1049830894
1049830894
-1
Sceneryobjects\ADDON_SimpleStreets\RQ_36_Exit_End_Double.sco
1049831175
1049831175
-1
Sceneryobjects\ADDON_SimpleStreets\RQ_9,5_2spur_6,5m_Sidewalk_cross_forbus4.sco
1049116307
1049116307
-1
Sceneryobjects\ADDON_SimpleStreets\RQ_9,5_to_X8.sco
1047931501
1047931501
-1
Sceneryobjects\ADDON_SimpleStreets\RQ_X8m_2spur_8,0m_Sidewalk_busstop.sco
1047931544
1047931544
-1
Sceneryobjects\ADDON_SimpleStreets\RQ_X8m_2spur_8,0m_Sidewalk_busstop_double.sco
1047943303
1047943303
-1
Sceneryobjects\ADDON_SimpleStreets\RQ_X8m_2spur_8,0m_Sidewalk_cross.sco
1047931556
1047931556
-1
Sceneryobjects\Buildings_MC\oth_elek_1.sco
1379762525
1379762525
-1
Sceneryobjects\Buildings_MC\park_2_A.sco
1379762539
1379762539
-1
Sceneryobjects\Buildings_MC\park_5.sco
1379762539
1379762539
-1
Sceneryobjects\Buildings_MC\Post01.sco
1379762525
1379762525
-1
Sceneryobjects\Buildings_MC\tank_1_esso.sco
1379762525
1379762525
-1
Sceneryobjects\Buildings_RUE\Tennis-Center.sco
1379762530
1379762530
-1
Sceneryobjects\DBC_Objects\obj_att_rod_short.sco
1379762619
1379762619
-1
Sceneryobjects\DBC_Objects\obj_att_rod_stub.sco
1379762619
1379762619
-1
Sceneryobjects\DBC_Objects\obj_pole_med.sco
1379762619
1379762619
-1
Sceneryobjects\DBC_Objects\obj_pole_streetside_rear.sco
1379762619
1379762619
-1
Sceneryobjects\DBC_Objects\obj_streetlight_bend.sco
1379762619
1379762619
-1
Sceneryobjects\DBC_Objects\obj_TL_car3_bar-NEWJOHNCITY.sco
1231327473
1231327473
-1
Sceneryobjects\DBC_Objects\obj_TL_car4L_bar-NEWJOHNCITY.sco
1231324636
1231324636
-1
Sceneryobjects\DBC_Objects\Sign_Street_Med.sco
1379762619
1379762619
-1
Sceneryobjects\DBC_Objects\Sign_Street_Stop.sco
1379762620
1379762620
-1
Sceneryobjects\Generic\bus_stop.sco
1379762541
1379762541
-1
Sceneryobjects\Generic\entrypoint_bus.sco
1379762552
1379762552
-1
Sceneryobjects\Generic\people_standing_small.sco
1379762530
1379762530
-1
Sceneryobjects\Generic\routearrow_dn.sco
1379762541
1379762541
-1
Sceneryobjects\Generic\routearrow_L.sco
1379762530
1379762530
-1
Sceneryobjects\Generic\routearrows_busstop.sco
1379762541
1379762541
-1
Sceneryobjects\NewJohnCity\helper-routearrow_dn.sco
1249092800
1249092800
-1
Sceneryobjects\NewJohnCity\helper-routearrow_L.sco
1249092801
1249092801
-1
Sceneryobjects\NewJohnCity\helper-routearrow_R.sco
1249092802
1249092802
-1
Sceneryobjects\Ruede\forest_backdrop01.sco
1379762544
1379762544
-1
Sceneryobjects\Streetobjects_RUE\Gaslight_Pole.sco
1379762544
1379762544
-1
Sceneryobjects\Streetobjects_RUE\LBL-Tropfen_5.sco
1379762560
1379762560
-1
Sceneryobjects\Streetobjects_RUE\sodiumlight_4L_break_L.sco
1379762545
1379762545
-1
Sceneryobjects\Trees_MC\arbor_sixpack.sco
1379762545
1379762545
-1
Sceneryobjects\Trees_MC\fir_medium_02.sco
1379762560
1379762560
-1
Sceneryobjects\Willshire\busstops\busstop.sco
1279374266
1279374266
-1
Sceneryobjects\Willshire\Special\city_cube.sco
1188783533
1188783533
-1
Sceneryobjects\Willshire\Special\harbor_cube.sco
1188783533
1188783533
-1
Sceneryobjects\Willshire\Special\industry_cube.sco
1188783533
1188783533
-1
Sceneryobjects\Willshire\Var1\Busstop.sco
1188783534
1188783534
-1
Sceneryobjects\Willshire\Var1\Busstop_LargeName_Timetable_1.sco
1188783534
1188783534
-1
Sceneryobjects\Willshire\Var1\Busstop_Lineplate_green_2.sco
1188783534
1188783534
-1
Sceneryobjects\Willshire\Var4\busstopTTC.sco
1188783536
1188783536
-1
Splines\ADDON_SimpleStreets\RQ_10,5_2spur_7,5m_Oneway.sli
1049453901
-
-
Splines\ADDON_SimpleStreets\RQ_10,5_OneWay_7,5m_Sidewalk.sli
1115382806
-
-
Splines\ADDON_SimpleStreets\RQ_20_4_spur_15m_narrow_Sidewalk.sli
1048779398
-
-
Splines\ADDON_SimpleStreets\RQ_20_4_spur_15m_narrow_Sidewalk_wide.sli
1109675008
-
-
Splines\ADDON_SimpleStreets\RQ_28.sli
1048384460
-
-
Splines\ADDON_SimpleStreets\RQ_28_Bridge.sli
1049451693
-
-
Splines\ADDON_SimpleStreets\RQ_36_EntryExit_Both.sli
1049828512
-
-
Splines\ADDON_SimpleStreets\RQ_9,5_2spur_6,5m_Sidewalk.sli
1047206666
-
-
Splines\ADDON_SimpleStreets\RQ_X_2spur_Altonaer_8m.sli
1047606301
-
-
Splines\invis_street.sli
1219407571
-
-
Splines\Marcel\str_2spur_8m_altonaer1.sli
1379762552
-
-
Vehicles\DBC_Chicago_Car_10\parked_car10_dump.sco
1379762629
1379762632
-1
Vehicles\DBC_Chicago_Car_10\parked_car10_trash.sco
1379762628
1379762628
-1
Sceneryobjects\Willshire\Var1\busstopTTC.sco
1188783534
1188783534
-1
