Sceneryobjects\ADDON_SimpleStreets\RQ_10,5_Train.sco
1048338508
1048338508
-1
Sceneryobjects\Generic\bus_stop.sco
1379762541
1379762541
-1
Sceneryobjects\Generic\people_standing_small.sco
1379762530
1379762530
-1
Sceneryobjects\Generic\routearrows_busstop.sco
1379762541
1379762541
-1
Sceneryobjects\Streetobjects_RUE\DDR_Busbahnsteig.sco
1379762544
1379762544
-1
Sceneryobjects\Willshire\Var4\busstopTTC.sco
1188783536
1188783536
-1
Splines\ADDON_SimpleStreets\RQ_10,5_2spur_7,5m.sli
1048126500
-
-
Splines\Ruede\rail_concrete_01.sli
1379762554
-
-
Sceneryobjects\Ruede\forest_backdrop01.sco
1379762544
1379762544
-1
Sceneryobjects\Trees_MC\fir_medium_02.sco
1379762560
1379762560
-1
Sceneryobjects\Verkehrszeichen_MC\bue_anlage1.sco
1379762546
1379762546
-1
Sceneryobjects\Verkehrszeichen_MC\bue_schranke1_Main.sco
1379762546
1379762546
-1
