Sceneryobjects\ADDON_SimpleStreets\RQ_9,5_2spur_6,5m_Sidewalk_busstop.sco
1047931392
1047931392
-1
Sceneryobjects\ADDON_SimpleStreets\RQ_9,5_2spur_6,5m_Sidewalk_busstop_double.sco
1047931421
1047931421
-1
Sceneryobjects\ADDON_SimpleStreets\RQ_9,5_2spur_6,5m_Sidewalk_cross_nobus2.sco
1047931445
1047931445
-1
Sceneryobjects\ADDON_SimpleStreets\RQ_9,5_2spur_6,5m_Sidewalk_junct.sco
1047931453
1047931453
-1
Sceneryobjects\ADDON_SimpleStreets\RQ_9,5_2spur_6,5m_Sidewalk_Roundabout_part0.sco
1052256746
1052256746
-1
Sceneryobjects\ADDON_SimpleStreets\RQ_9,5_2spur_6,5m_Sidewalk_Roundabout_part1.sco
1048010081
1048010081
-1
Sceneryobjects\ADDON_SimpleStreets\RQ_9,5_2spur_6,5m_Sidewalk_Roundabout_part2.sco
1048125225
1048125225
-1
Sceneryobjects\ADDON_SimpleStreets\RQ_9,5_2spur_6,5m_Sidewalk_Roundabout_part3.sco
1052256775
1052256775
-1
Sceneryobjects\Buildings_RUE\Haus02a.sco
1379762530
1379762530
-1
Sceneryobjects\Buildings_RUE\Haus02b.sco
1379762530
1379762530
-1
Sceneryobjects\Buildings_RUE\Haus02c.sco
1379762530
1379762530
-1
Sceneryobjects\Buildings_RUE\Haus02d.sco
1379762551
1379762551
-1
Sceneryobjects\Buildings_RUE\Haus03b.sco
1379762530
1379762530
-1
Sceneryobjects\Buildings_RUE\Haus03c.sco
1379762530
1379762530
-1
Sceneryobjects\Buildings_RUE\Haus03c2.sco
1379762530
1379762530
-1
Sceneryobjects\Buildings_RUE\Haus03d.sco
1379762530
1379762530
-1
Sceneryobjects\Buildings_RUE\Haus03e.sco
1379762530
1379762530
-1
Sceneryobjects\Buildings_RUE\Haus03f.sco
1379762530
1379762530
-1
Sceneryobjects\DBC_Objects\NEWJOHNCITY_busstop_hut.sco
1227530861
1227530861
-1
Sceneryobjects\DBC_Objects\obj_pole_streetside_rear.sco
1379762619
1379762619
-1
Sceneryobjects\DBC_Objects\Sign_Street_StopAW.sco
1379762620
1379762620
-1
Sceneryobjects\DBC_Objects\Sign_Street_Yield.sco
1379762620
1379762620
-1
Sceneryobjects\Generic\bus_stop.sco
1379762541
1379762541
-1
Sceneryobjects\Generic\people_standing_small.sco
1379762530
1379762530
-1
Sceneryobjects\Generic\routearrow_dn.sco
1379762541
1379762541
-1
Sceneryobjects\Generic\routearrow_L.sco
1379762530
1379762530
-1
Sceneryobjects\Generic\routearrow_R.sco
1379762530
1379762530
-1
Sceneryobjects\Generic\routearrows_busstop.sco
1379762541
1379762541
-1
Sceneryobjects\NewJohnCity\sign-40kmh.sco
1227535217
1227535217
-1
Sceneryobjects\Ruede\forest_backdrop01.sco
1379762544
1379762544
-1
Sceneryobjects\Streetobjects_MC\fountain_1.sco
1379762544
1379762544
-1
Sceneryobjects\Streetobjects_RUE\DDR_1xPGH-Topf_Wood+Cable.sco
1379762544
1379762544
-1
Sceneryobjects\Streetobjects_RUE\DDR_Pole_Wood_cable.sco
1379762544
1379762544
-1
Sceneryobjects\Streetobjects_RUE\Gaslight_Pole.sco
1379762544
1379762544
-1
Sceneryobjects\Streetobjects_RUE\Stone_01.sco
1379762545
1379762545
-1
Sceneryobjects\Trees_MC\fir_medium_02.sco
1379762560
1379762560
-1
Sceneryobjects\Trees_MC\fir_medium_03.sco
1379762545
1379762545
-1
Sceneryobjects\Trees_MC\shrubbery_03_20.sco
1379762560
1379762560
-1
Sceneryobjects\Trees_MC\shrubbery_04_10.sco
1379762545
1379762545
-1
Sceneryobjects\Trees_MC\shrubbery_04_20.sco
1379762545
1379762545
-1
Sceneryobjects\Willshire\busstops\busstop.sco
1279374266
1279374266
-1
Sceneryobjects\Willshire\Var1\Richtungstafel.sco
1188783534
1188783534
-1
Splines\ADDON_SimpleStreets\RQ_9,5_2spur_6,5m_Sidewalk.sli
1047206666
-
-
Splines\Ruede\Kabel_holzmast_6m.sli
1379762566
-
-
